2025-11-12T02:20:15+00:00 [L2] SERVER -> CLIENT: 220 smtp.gmail.com ESMTP d9443c01a7336-2984dc0cf0csm11562795ad.49 - gsmtp

2025-11-12T02:20:15+00:00 [L1] CLIENT -> SERVER: EHLO 127.0.0.1

2025-11-12T02:20:15+00:00 [L2] SERVER -> CLIENT: 250-smtp.gmail.com at your service, [129.210.115.230]
250-SIZE 35882577
250-8BITMIME
250-STARTTLS
250-ENHANCEDSTATUSCODES
250-PIPELINING
250-CHUNKING
250 SMTPUTF8

2025-11-12T02:20:15+00:00 [L1] CLIENT -> SERVER: STARTTLS

2025-11-12T02:20:15+00:00 [L2] SERVER -> CLIENT: 220 2.0.0 Ready to start TLS

2025-11-12T02:20:16+00:00 [L1] CLIENT -> SERVER: EHLO 127.0.0.1

2025-11-12T02:20:16+00:00 [L2] SERVER -> CLIENT: 250-smtp.gmail.com at your service, [129.210.115.230]
250-SIZE 35882577
250-8BITMIME
250-AUTH LOGIN PLAIN XOAUTH2 PLAIN-CLIENTTOKEN OAUTHBEARER XOAUTH
250-ENHANCEDSTATUSCODES
250-PIPELINING
250-CHUNKING
250 SMTPUTF8

2025-11-12T02:20:16+00:00 [L1] CLIENT -> SERVER: AUTH LOGIN

2025-11-12T02:20:16+00:00 [L2] SERVER -> CLIENT: 334 VXNlcm5hbWU6

2025-11-12T02:20:16+00:00 [L1] CLIENT -> SERVER: [credentials hidden]
2025-11-12T02:20:16+00:00 [L2] SERVER -> CLIENT: 334 UGFzc3dvcmQ6

2025-11-12T02:20:16+00:00 [L1] CLIENT -> SERVER: [credentials hidden]
2025-11-12T02:20:16+00:00 [L2] SERVER -> CLIENT: 535-5.7.8 Username and Password not accepted. For more information, go to
535 5.7.8  https://support.google.com/mail/?p=BadCredentials d9443c01a7336-2984dc0cf0csm11562795ad.49 - gsmtp

2025-11-12T02:20:16+00:00 [L1] SMTP ERROR: Password command failed: 535-5.7.8 Username and Password not accepted. For more information, go to
535 5.7.8  https://support.google.com/mail/?p=BadCredentials d9443c01a7336-2984dc0cf0csm11562795ad.49 - gsmtp

2025-11-12T02:20:16+00:00 [L2] SMTP Error: Could not authenticate.
2025-11-12T02:20:16+00:00 [L1] CLIENT -> SERVER: QUIT

2025-11-12T02:20:16+00:00 [L2] SERVER -> CLIENT: 221 2.0.0 closing connection d9443c01a7336-2984dc0cf0csm11562795ad.49 - gsmtp

2025-11-12T02:20:16+00:00 [L2] SMTP Error: Could not authenticate.
2025-11-12T02:28:18+00:00 [L2] SERVER -> CLIENT: 220 smtp.gmail.com ESMTP d2e1a72fcca58-7b779ab0994sm1066694b3a.41 - gsmtp

2025-11-12T02:28:18+00:00 [L1] CLIENT -> SERVER: EHLO 127.0.0.1

2025-11-12T02:28:18+00:00 [L2] SERVER -> CLIENT: 250-smtp.gmail.com at your service, [129.210.115.230]
250-SIZE 35882577
250-8BITMIME
250-STARTTLS
250-ENHANCEDSTATUSCODES
250-PIPELINING
250-CHUNKING
250 SMTPUTF8

2025-11-12T02:28:18+00:00 [L1] CLIENT -> SERVER: STARTTLS

2025-11-12T02:28:18+00:00 [L2] SERVER -> CLIENT: 220 2.0.0 Ready to start TLS

2025-11-12T02:28:18+00:00 [L1] CLIENT -> SERVER: EHLO 127.0.0.1

2025-11-12T02:28:18+00:00 [L2] SERVER -> CLIENT: 250-smtp.gmail.com at your service, [129.210.115.230]
250-SIZE 35882577
250-8BITMIME
250-AUTH LOGIN PLAIN XOAUTH2 PLAIN-CLIENTTOKEN OAUTHBEARER XOAUTH
250-ENHANCEDSTATUSCODES
250-PIPELINING
250-CHUNKING
250 SMTPUTF8

2025-11-12T02:28:18+00:00 [L1] CLIENT -> SERVER: AUTH LOGIN

2025-11-12T02:28:18+00:00 [L2] SERVER -> CLIENT: 334 VXNlcm5hbWU6

2025-11-12T02:28:18+00:00 [L1] CLIENT -> SERVER: [credentials hidden]
2025-11-12T02:28:18+00:00 [L2] SERVER -> CLIENT: 334 UGFzc3dvcmQ6

2025-11-12T02:28:18+00:00 [L1] CLIENT -> SERVER: [credentials hidden]
2025-11-12T02:28:19+00:00 [L2] SERVER -> CLIENT: 235 2.7.0 Accepted

2025-11-12T02:28:19+00:00 [L1] CLIENT -> SERVER: MAIL FROM:<jixiandeng99@gmail.com>

2025-11-12T02:28:19+00:00 [L2] SERVER -> CLIENT: 250 2.1.0 OK d2e1a72fcca58-7b779ab0994sm1066694b3a.41 - gsmtp

2025-11-12T02:28:19+00:00 [L1] CLIENT -> SERVER: RCPT TO:<jixiandeng99@gmail.com>

2025-11-12T02:28:19+00:00 [L2] SERVER -> CLIENT: 250 2.1.5 OK d2e1a72fcca58-7b779ab0994sm1066694b3a.41 - gsmtp

2025-11-12T02:28:19+00:00 [L1] CLIENT -> SERVER: DATA

2025-11-12T02:28:19+00:00 [L2] SERVER -> CLIENT: 354 Go ahead d2e1a72fcca58-7b779ab0994sm1066694b3a.41 - gsmtp

2025-11-12T02:28:19+00:00 [L1] CLIENT -> SERVER: Date: Wed, 12 Nov 2025 02:28:18 +0000

2025-11-12T02:28:19+00:00 [L1] CLIENT -> SERVER: To: jixiandeng99@gmail.com

2025-11-12T02:28:19+00:00 [L1] CLIENT -> SERVER: From: Plant Diary <jixiandeng99@gmail.com>

2025-11-12T02:28:19+00:00 [L1] CLIENT -> SERVER: Subject: Test SMTP

2025-11-12T02:28:19+00:00 [L1] CLIENT -> SERVER: Message-ID: <GSZIohJMI0Wqrr9qgxo9oVoZWZLoPv2onWNK4xwkc@127.0.0.1>

2025-11-12T02:28:19+00:00 [L1] CLIENT -> SERVER: X-Mailer: PHPMailer 7.0.0 (https://github.com/PHPMailer/PHPMailer)

2025-11-12T02:28:19+00:00 [L1] CLIENT -> SERVER: MIME-Version: 1.0

2025-11-12T02:28:19+00:00 [L1] CLIENT -> SERVER: Content-Type: text/plain; charset=UTF-8

2025-11-12T02:28:19+00:00 [L1] CLIENT -> SERVER: 

2025-11-12T02:28:19+00:00 [L1] CLIENT -> SERVER: Hello from Plant Diary

2025-11-12T02:28:19+00:00 [L1] CLIENT -> SERVER: 

2025-11-12T02:28:19+00:00 [L1] CLIENT -> SERVER: .

2025-11-12T02:28:19+00:00 [L2] SERVER -> CLIENT: 250 2.0.0 OK  1762914499 d2e1a72fcca58-7b779ab0994sm1066694b3a.41 - gsmtp

2025-11-12T02:28:19+00:00 [L1] CLIENT -> SERVER: QUIT

2025-11-12T02:28:19+00:00 [L2] SERVER -> CLIENT: 221 2.0.0 closing connection d2e1a72fcca58-7b779ab0994sm1066694b3a.41 - gsmtp

2025-11-12T02:33:14+00:00 [L2] SERVER -> CLIENT: 220 smtp.gmail.com ESMTP d2e1a72fcca58-7b0cc175d85sm17211179b3a.43 - gsmtp

2025-11-12T02:33:14+00:00 [L1] CLIENT -> SERVER: EHLO 127.0.0.1

2025-11-12T02:33:14+00:00 [L2] SERVER -> CLIENT: 250-smtp.gmail.com at your service, [129.210.115.230]
250-SIZE 35882577
250-8BITMIME
250-STARTTLS
250-ENHANCEDSTATUSCODES
250-PIPELINING
250-CHUNKING
250 SMTPUTF8

2025-11-12T02:33:14+00:00 [L1] CLIENT -> SERVER: STARTTLS

2025-11-12T02:33:14+00:00 [L2] SERVER -> CLIENT: 220 2.0.0 Ready to start TLS

2025-11-12T02:33:14+00:00 [L1] CLIENT -> SERVER: EHLO 127.0.0.1

2025-11-12T02:33:14+00:00 [L2] SERVER -> CLIENT: 250-smtp.gmail.com at your service, [129.210.115.230]
250-SIZE 35882577
250-8BITMIME
250-AUTH LOGIN PLAIN XOAUTH2 PLAIN-CLIENTTOKEN OAUTHBEARER XOAUTH
250-ENHANCEDSTATUSCODES
250-PIPELINING
250-CHUNKING
250 SMTPUTF8

2025-11-12T02:33:14+00:00 [L1] CLIENT -> SERVER: AUTH LOGIN

2025-11-12T02:33:14+00:00 [L2] SERVER -> CLIENT: 334 VXNlcm5hbWU6

2025-11-12T02:33:14+00:00 [L1] CLIENT -> SERVER: [credentials hidden]
2025-11-12T02:33:14+00:00 [L2] SERVER -> CLIENT: 334 UGFzc3dvcmQ6

2025-11-12T02:33:14+00:00 [L1] CLIENT -> SERVER: [credentials hidden]
2025-11-12T02:33:14+00:00 [L2] SERVER -> CLIENT: 235 2.7.0 Accepted

2025-11-12T02:33:14+00:00 [L1] CLIENT -> SERVER: MAIL FROM:<jixiandeng99@gmail.com>

2025-11-12T02:33:14+00:00 [L2] SERVER -> CLIENT: 250 2.1.0 OK d2e1a72fcca58-7b0cc175d85sm17211179b3a.43 - gsmtp

2025-11-12T02:33:14+00:00 [L1] CLIENT -> SERVER: RCPT TO:<jdeng2@scu.edu>

2025-11-12T02:33:15+00:00 [L2] SERVER -> CLIENT: 250 2.1.5 OK d2e1a72fcca58-7b0cc175d85sm17211179b3a.43 - gsmtp

2025-11-12T02:33:15+00:00 [L1] CLIENT -> SERVER: DATA

2025-11-12T02:33:15+00:00 [L2] SERVER -> CLIENT: 354 Go ahead d2e1a72fcca58-7b0cc175d85sm17211179b3a.43 - gsmtp

2025-11-12T02:33:15+00:00 [L1] CLIENT -> SERVER: Date: Wed, 12 Nov 2025 02:33:14 +0000

2025-11-12T02:33:15+00:00 [L1] CLIENT -> SERVER: To: jdeng2@scu.edu

2025-11-12T02:33:15+00:00 [L1] CLIENT -> SERVER: From: Plant Diary <jixiandeng99@gmail.com>

2025-11-12T02:33:15+00:00 [L1] CLIENT -> SERVER: Subject: Plant reminder: golden pothos is due now

2025-11-12T02:33:15+00:00 [L1] CLIENT -> SERVER: Message-ID: <zyIJgrJeuY5kBFUmFEGIS0FRIvC87T8MJZ0q1uUZv4@127.0.0.1>

2025-11-12T02:33:15+00:00 [L1] CLIENT -> SERVER: X-Mailer: PHPMailer 7.0.0 (https://github.com/PHPMailer/PHPMailer)

2025-11-12T02:33:15+00:00 [L1] CLIENT -> SERVER: MIME-Version: 1.0

2025-11-12T02:33:15+00:00 [L1] CLIENT -> SERVER: Content-Type: text/plain; charset=UTF-8

2025-11-12T02:33:15+00:00 [L1] CLIENT -> SERVER: Content-Transfer-Encoding: 8bit

2025-11-12T02:33:15+00:00 [L1] CLIENT -> SERVER: 

2025-11-12T02:33:15+00:00 [L1] CLIENT -> SERVER: Hi jdeng2,

2025-11-12T02:33:15+00:00 [L1] CLIENT -> SERVER: 

2025-11-12T02:33:15+00:00 [L1] CLIENT -> SERVER: This is a reminder that your plant "golden pothos" needs watering — is due now.

2025-11-12T02:33:15+00:00 [L1] CLIENT -> SERVER: 

2025-11-12T02:33:15+00:00 [L1] CLIENT -> SERVER: • Last care date: 2025-11-10

2025-11-12T02:33:15+00:00 [L1] CLIENT -> SERVER: • Frequency: every 1 day(s)

2025-11-12T02:33:15+00:00 [L1] CLIENT -> SERVER: 

2025-11-12T02:33:15+00:00 [L1] CLIENT -> SERVER: Please take care of your plant.

2025-11-12T02:33:15+00:00 [L1] CLIENT -> SERVER: 

2025-11-12T02:33:15+00:00 [L1] CLIENT -> SERVER: — Plant Diary

2025-11-12T02:33:15+00:00 [L1] CLIENT -> SERVER: 

2025-11-12T02:33:15+00:00 [L1] CLIENT -> SERVER: .

2025-11-12T02:33:15+00:00 [L2] SERVER -> CLIENT: 250 2.0.0 OK  1762914795 d2e1a72fcca58-7b0cc175d85sm17211179b3a.43 - gsmtp

2025-11-12T02:33:15+00:00 [L1] CLIENT -> SERVER: QUIT

2025-11-12T02:33:15+00:00 [L2] SERVER -> CLIENT: 221 2.0.0 closing connection d2e1a72fcca58-7b0cc175d85sm17211179b3a.43 - gsmtp

2025-11-12T02:34:25+00:00 [L2] SERVER -> CLIENT: 220 smtp.gmail.com ESMTP d2e1a72fcca58-7b0ccb5a31esm16738226b3a.63 - gsmtp

2025-11-12T02:34:25+00:00 [L1] CLIENT -> SERVER: EHLO 127.0.0.1

2025-11-12T02:34:25+00:00 [L2] SERVER -> CLIENT: 250-smtp.gmail.com at your service, [129.210.115.230]
250-SIZE 35882577
250-8BITMIME
250-STARTTLS
250-ENHANCEDSTATUSCODES
250-PIPELINING
250-CHUNKING
250 SMTPUTF8

2025-11-12T02:34:25+00:00 [L1] CLIENT -> SERVER: STARTTLS

2025-11-12T02:34:25+00:00 [L2] SERVER -> CLIENT: 220 2.0.0 Ready to start TLS

2025-11-12T02:34:25+00:00 [L1] CLIENT -> SERVER: EHLO 127.0.0.1

2025-11-12T02:34:25+00:00 [L2] SERVER -> CLIENT: 250-smtp.gmail.com at your service, [129.210.115.230]
250-SIZE 35882577
250-8BITMIME
250-AUTH LOGIN PLAIN XOAUTH2 PLAIN-CLIENTTOKEN OAUTHBEARER XOAUTH
250-ENHANCEDSTATUSCODES
250-PIPELINING
250-CHUNKING
250 SMTPUTF8

2025-11-12T02:34:25+00:00 [L1] CLIENT -> SERVER: AUTH LOGIN

2025-11-12T02:34:25+00:00 [L2] SERVER -> CLIENT: 334 VXNlcm5hbWU6

2025-11-12T02:34:25+00:00 [L1] CLIENT -> SERVER: [credentials hidden]
2025-11-12T02:34:25+00:00 [L2] SERVER -> CLIENT: 334 UGFzc3dvcmQ6

2025-11-12T02:34:25+00:00 [L1] CLIENT -> SERVER: [credentials hidden]
2025-11-12T02:34:25+00:00 [L2] SERVER -> CLIENT: 235 2.7.0 Accepted

2025-11-12T02:34:25+00:00 [L1] CLIENT -> SERVER: MAIL FROM:<jixiandeng99@gmail.com>

2025-11-12T02:34:26+00:00 [L2] SERVER -> CLIENT: 250 2.1.0 OK d2e1a72fcca58-7b0ccb5a31esm16738226b3a.63 - gsmtp

2025-11-12T02:34:26+00:00 [L1] CLIENT -> SERVER: RCPT TO:<jdeng2@scu.edu>

2025-11-12T02:34:26+00:00 [L2] SERVER -> CLIENT: 250 2.1.5 OK d2e1a72fcca58-7b0ccb5a31esm16738226b3a.63 - gsmtp

2025-11-12T02:34:26+00:00 [L1] CLIENT -> SERVER: DATA

2025-11-12T02:34:26+00:00 [L2] SERVER -> CLIENT: 354 Go ahead d2e1a72fcca58-7b0ccb5a31esm16738226b3a.63 - gsmtp

2025-11-12T02:34:26+00:00 [L1] CLIENT -> SERVER: Date: Wed, 12 Nov 2025 02:34:25 +0000

2025-11-12T02:34:26+00:00 [L1] CLIENT -> SERVER: To: jdeng2@scu.edu

2025-11-12T02:34:26+00:00 [L1] CLIENT -> SERVER: From: Plant Diary <jixiandeng99@gmail.com>

2025-11-12T02:34:26+00:00 [L1] CLIENT -> SERVER: Subject: Plant reminder: golden pothos is due now

2025-11-12T02:34:26+00:00 [L1] CLIENT -> SERVER: Message-ID: <Y8q0CX1ODKggC8fRgdQae8Yhz9H5LL2sfni0HPrhYc@127.0.0.1>

2025-11-12T02:34:26+00:00 [L1] CLIENT -> SERVER: X-Mailer: PHPMailer 7.0.0 (https://github.com/PHPMailer/PHPMailer)

2025-11-12T02:34:26+00:00 [L1] CLIENT -> SERVER: MIME-Version: 1.0

2025-11-12T02:34:26+00:00 [L1] CLIENT -> SERVER: Content-Type: text/plain; charset=UTF-8

2025-11-12T02:34:26+00:00 [L1] CLIENT -> SERVER: Content-Transfer-Encoding: 8bit

2025-11-12T02:34:26+00:00 [L1] CLIENT -> SERVER: 

2025-11-12T02:34:26+00:00 [L1] CLIENT -> SERVER: Hi jdeng2,

2025-11-12T02:34:26+00:00 [L1] CLIENT -> SERVER: 

2025-11-12T02:34:26+00:00 [L1] CLIENT -> SERVER: This is a reminder that your plant "golden pothos" needs watering — is due now.

2025-11-12T02:34:26+00:00 [L1] CLIENT -> SERVER: 

2025-11-12T02:34:26+00:00 [L1] CLIENT -> SERVER: • Last care date: 2025-11-10

2025-11-12T02:34:26+00:00 [L1] CLIENT -> SERVER: • Frequency: every 1 day(s)

2025-11-12T02:34:26+00:00 [L1] CLIENT -> SERVER: 

2025-11-12T02:34:26+00:00 [L1] CLIENT -> SERVER: Please take care of your plant.

2025-11-12T02:34:26+00:00 [L1] CLIENT -> SERVER: 

2025-11-12T02:34:26+00:00 [L1] CLIENT -> SERVER: — Plant Diary

2025-11-12T02:34:26+00:00 [L1] CLIENT -> SERVER: 

2025-11-12T02:34:26+00:00 [L1] CLIENT -> SERVER: .

2025-11-12T02:34:26+00:00 [L2] SERVER -> CLIENT: 250 2.0.0 OK  1762914866 d2e1a72fcca58-7b0ccb5a31esm16738226b3a.63 - gsmtp

2025-11-12T02:34:26+00:00 [L1] CLIENT -> SERVER: QUIT

2025-11-12T02:34:26+00:00 [L2] SERVER -> CLIENT: 221 2.0.0 closing connection d2e1a72fcca58-7b0ccb5a31esm16738226b3a.63 - gsmtp

2025-11-12T02:34:26+00:00 [L2] SERVER -> CLIENT: 220 smtp.gmail.com ESMTP 98e67ed59e1d1-343e06fbb63sm581390a91.3 - gsmtp

2025-11-12T02:34:26+00:00 [L1] CLIENT -> SERVER: EHLO 127.0.0.1

2025-11-12T02:34:26+00:00 [L2] SERVER -> CLIENT: 250-smtp.gmail.com at your service, [129.210.115.230]
250-SIZE 35882577
250-8BITMIME
250-STARTTLS
250-ENHANCEDSTATUSCODES
250-PIPELINING
250-CHUNKING
250 SMTPUTF8

2025-11-12T02:34:26+00:00 [L1] CLIENT -> SERVER: STARTTLS

2025-11-12T02:34:26+00:00 [L2] SERVER -> CLIENT: 220 2.0.0 Ready to start TLS

2025-11-12T02:34:26+00:00 [L1] CLIENT -> SERVER: EHLO 127.0.0.1

2025-11-12T02:34:27+00:00 [L2] SERVER -> CLIENT: 250-smtp.gmail.com at your service, [129.210.115.230]
250-SIZE 35882577
250-8BITMIME
250-AUTH LOGIN PLAIN XOAUTH2 PLAIN-CLIENTTOKEN OAUTHBEARER XOAUTH
250-ENHANCEDSTATUSCODES
250-PIPELINING
250-CHUNKING
250 SMTPUTF8

2025-11-12T02:34:27+00:00 [L1] CLIENT -> SERVER: AUTH LOGIN

2025-11-12T02:34:27+00:00 [L2] SERVER -> CLIENT: 334 VXNlcm5hbWU6

2025-11-12T02:34:27+00:00 [L1] CLIENT -> SERVER: [credentials hidden]
2025-11-12T02:34:27+00:00 [L2] SERVER -> CLIENT: 334 UGFzc3dvcmQ6

2025-11-12T02:34:27+00:00 [L1] CLIENT -> SERVER: [credentials hidden]
2025-11-12T02:34:27+00:00 [L2] SERVER -> CLIENT: 235 2.7.0 Accepted

2025-11-12T02:34:27+00:00 [L1] CLIENT -> SERVER: MAIL FROM:<jixiandeng99@gmail.com>

2025-11-12T02:34:27+00:00 [L2] SERVER -> CLIENT: 250 2.1.0 OK 98e67ed59e1d1-343e06fbb63sm581390a91.3 - gsmtp

2025-11-12T02:34:27+00:00 [L1] CLIENT -> SERVER: RCPT TO:<jdeng2@scu.edu>

2025-11-12T02:34:27+00:00 [L2] SERVER -> CLIENT: 250 2.1.5 OK 98e67ed59e1d1-343e06fbb63sm581390a91.3 - gsmtp

2025-11-12T02:34:27+00:00 [L1] CLIENT -> SERVER: DATA

2025-11-12T02:34:27+00:00 [L2] SERVER -> CLIENT: 354 Go ahead 98e67ed59e1d1-343e06fbb63sm581390a91.3 - gsmtp

2025-11-12T02:34:27+00:00 [L1] CLIENT -> SERVER: Date: Wed, 12 Nov 2025 02:34:26 +0000

2025-11-12T02:34:27+00:00 [L1] CLIENT -> SERVER: To: jdeng2@scu.edu

2025-11-12T02:34:27+00:00 [L1] CLIENT -> SERVER: From: Plant Diary <jixiandeng99@gmail.com>

2025-11-12T02:34:27+00:00 [L1] CLIENT -> SERVER: Subject: Plant reminder: golden pothos is due now

2025-11-12T02:34:27+00:00 [L1] CLIENT -> SERVER: Message-ID: <1Qh2Xlg2vWl36ZstLG43vxGsMV2Nyj2pd4S4CYtEWg@127.0.0.1>

2025-11-12T02:34:27+00:00 [L1] CLIENT -> SERVER: X-Mailer: PHPMailer 7.0.0 (https://github.com/PHPMailer/PHPMailer)

2025-11-12T02:34:27+00:00 [L1] CLIENT -> SERVER: MIME-Version: 1.0

2025-11-12T02:34:27+00:00 [L1] CLIENT -> SERVER: Content-Type: text/plain; charset=UTF-8

2025-11-12T02:34:27+00:00 [L1] CLIENT -> SERVER: Content-Transfer-Encoding: 8bit

2025-11-12T02:34:27+00:00 [L1] CLIENT -> SERVER: 

2025-11-12T02:34:27+00:00 [L1] CLIENT -> SERVER: Hi jdeng2,

2025-11-12T02:34:27+00:00 [L1] CLIENT -> SERVER: 

2025-11-12T02:34:27+00:00 [L1] CLIENT -> SERVER: This is a reminder that your plant "golden pothos" needs watering — is due now.

2025-11-12T02:34:27+00:00 [L1] CLIENT -> SERVER: 

2025-11-12T02:34:27+00:00 [L1] CLIENT -> SERVER: • Last care date: 2025-11-10

2025-11-12T02:34:27+00:00 [L1] CLIENT -> SERVER: • Frequency: every 1 day(s)

2025-11-12T02:34:27+00:00 [L1] CLIENT -> SERVER: 

2025-11-12T02:34:27+00:00 [L1] CLIENT -> SERVER: Please take care of your plant.

2025-11-12T02:34:27+00:00 [L1] CLIENT -> SERVER: 

2025-11-12T02:34:27+00:00 [L1] CLIENT -> SERVER: — Plant Diary

2025-11-12T02:34:27+00:00 [L1] CLIENT -> SERVER: 

2025-11-12T02:34:27+00:00 [L1] CLIENT -> SERVER: .

2025-11-12T02:34:27+00:00 [L2] SERVER -> CLIENT: 250 2.0.0 OK  1762914867 98e67ed59e1d1-343e06fbb63sm581390a91.3 - gsmtp

2025-11-12T02:34:27+00:00 [L1] CLIENT -> SERVER: QUIT

2025-11-12T02:34:27+00:00 [L2] SERVER -> CLIENT: 221 2.0.0 closing connection 98e67ed59e1d1-343e06fbb63sm581390a91.3 - gsmtp

2025-11-12T02:34:28+00:00 [L2] SERVER -> CLIENT: 220 smtp.gmail.com ESMTP 98e67ed59e1d1-343e1cd284fsm128548a91.3 - gsmtp

2025-11-12T02:34:28+00:00 [L1] CLIENT -> SERVER: EHLO 127.0.0.1

2025-11-12T02:34:28+00:00 [L2] SERVER -> CLIENT: 250-smtp.gmail.com at your service, [129.210.115.230]
250-SIZE 35882577
250-8BITMIME
250-STARTTLS
250-ENHANCEDSTATUSCODES
250-PIPELINING
250-CHUNKING
250 SMTPUTF8

2025-11-12T02:34:28+00:00 [L1] CLIENT -> SERVER: STARTTLS

2025-11-12T02:34:28+00:00 [L2] SERVER -> CLIENT: 220 2.0.0 Ready to start TLS

2025-11-12T02:34:28+00:00 [L1] CLIENT -> SERVER: EHLO 127.0.0.1

2025-11-12T02:34:28+00:00 [L2] SERVER -> CLIENT: 250-smtp.gmail.com at your service, [129.210.115.230]
250-SIZE 35882577
250-8BITMIME
250-AUTH LOGIN PLAIN XOAUTH2 PLAIN-CLIENTTOKEN OAUTHBEARER XOAUTH
250-ENHANCEDSTATUSCODES
250-PIPELINING
250-CHUNKING
250 SMTPUTF8

2025-11-12T02:34:28+00:00 [L1] CLIENT -> SERVER: AUTH LOGIN

2025-11-12T02:34:28+00:00 [L2] SERVER -> CLIENT: 334 VXNlcm5hbWU6

2025-11-12T02:34:28+00:00 [L1] CLIENT -> SERVER: [credentials hidden]
2025-11-12T02:34:28+00:00 [L2] SERVER -> CLIENT: 334 UGFzc3dvcmQ6

2025-11-12T02:34:28+00:00 [L1] CLIENT -> SERVER: [credentials hidden]
2025-11-12T02:34:28+00:00 [L2] SERVER -> CLIENT: 235 2.7.0 Accepted

2025-11-12T02:34:28+00:00 [L1] CLIENT -> SERVER: MAIL FROM:<jixiandeng99@gmail.com>

2025-11-12T02:34:28+00:00 [L2] SERVER -> CLIENT: 250 2.1.0 OK 98e67ed59e1d1-343e1cd284fsm128548a91.3 - gsmtp

2025-11-12T02:34:28+00:00 [L1] CLIENT -> SERVER: RCPT TO:<jdeng2@scu.edu>

2025-11-12T02:34:28+00:00 [L2] SERVER -> CLIENT: 250 2.1.5 OK 98e67ed59e1d1-343e1cd284fsm128548a91.3 - gsmtp

2025-11-12T02:34:28+00:00 [L1] CLIENT -> SERVER: DATA

2025-11-12T02:34:28+00:00 [L2] SERVER -> CLIENT: 354 Go ahead 98e67ed59e1d1-343e1cd284fsm128548a91.3 - gsmtp

2025-11-12T02:34:28+00:00 [L1] CLIENT -> SERVER: Date: Wed, 12 Nov 2025 02:34:28 +0000

2025-11-12T02:34:28+00:00 [L1] CLIENT -> SERVER: To: jdeng2@scu.edu

2025-11-12T02:34:28+00:00 [L1] CLIENT -> SERVER: From: Plant Diary <jixiandeng99@gmail.com>

2025-11-12T02:34:28+00:00 [L1] CLIENT -> SERVER: Subject: Plant reminder: golden pothos is due now

2025-11-12T02:34:28+00:00 [L1] CLIENT -> SERVER: Message-ID: <gWh8WnPpe4hgCk6xcltHsiQ39VnzUQ65wRbOR7D9i5E@127.0.0.1>

2025-11-12T02:34:28+00:00 [L1] CLIENT -> SERVER: X-Mailer: PHPMailer 7.0.0 (https://github.com/PHPMailer/PHPMailer)

2025-11-12T02:34:28+00:00 [L1] CLIENT -> SERVER: MIME-Version: 1.0

2025-11-12T02:34:28+00:00 [L1] CLIENT -> SERVER: Content-Type: text/plain; charset=UTF-8

2025-11-12T02:34:28+00:00 [L1] CLIENT -> SERVER: Content-Transfer-Encoding: 8bit

2025-11-12T02:34:28+00:00 [L1] CLIENT -> SERVER: 

2025-11-12T02:34:28+00:00 [L1] CLIENT -> SERVER: Hi jdeng2,

2025-11-12T02:34:28+00:00 [L1] CLIENT -> SERVER: 

2025-11-12T02:34:28+00:00 [L1] CLIENT -> SERVER: This is a reminder that your plant "golden pothos" needs watering — is due now.

2025-11-12T02:34:28+00:00 [L1] CLIENT -> SERVER: 

2025-11-12T02:34:28+00:00 [L1] CLIENT -> SERVER: • Last care date: 2025-11-10

2025-11-12T02:34:28+00:00 [L1] CLIENT -> SERVER: • Frequency: every 1 day(s)

2025-11-12T02:34:28+00:00 [L1] CLIENT -> SERVER: 

2025-11-12T02:34:28+00:00 [L1] CLIENT -> SERVER: Please take care of your plant.

2025-11-12T02:34:28+00:00 [L1] CLIENT -> SERVER: 

2025-11-12T02:34:28+00:00 [L1] CLIENT -> SERVER: — Plant Diary

2025-11-12T02:34:28+00:00 [L1] CLIENT -> SERVER: 

2025-11-12T02:34:28+00:00 [L1] CLIENT -> SERVER: .

2025-11-12T02:34:29+00:00 [L2] SERVER -> CLIENT: 250 2.0.0 OK  1762914869 98e67ed59e1d1-343e1cd284fsm128548a91.3 - gsmtp

2025-11-12T02:34:29+00:00 [L1] CLIENT -> SERVER: QUIT

2025-11-12T02:34:29+00:00 [L2] SERVER -> CLIENT: 221 2.0.0 closing connection 98e67ed59e1d1-343e1cd284fsm128548a91.3 - gsmtp

2025-11-12T02:37:15+00:00 [L2] SERVER -> CLIENT: 220 smtp.gmail.com ESMTP d9443c01a7336-2984dcca76asm11996905ad.78 - gsmtp

2025-11-12T02:37:15+00:00 [L1] CLIENT -> SERVER: EHLO 127.0.0.1

2025-11-12T02:37:15+00:00 [L2] SERVER -> CLIENT: 250-smtp.gmail.com at your service, [129.210.115.230]
250-SIZE 35882577
250-8BITMIME
250-STARTTLS
250-ENHANCEDSTATUSCODES
250-PIPELINING
250-CHUNKING
250 SMTPUTF8

2025-11-12T02:37:15+00:00 [L1] CLIENT -> SERVER: STARTTLS

2025-11-12T02:37:15+00:00 [L2] SERVER -> CLIENT: 220 2.0.0 Ready to start TLS

2025-11-12T02:37:15+00:00 [L1] CLIENT -> SERVER: EHLO 127.0.0.1

2025-11-12T02:37:15+00:00 [L2] SERVER -> CLIENT: 250-smtp.gmail.com at your service, [129.210.115.230]
250-SIZE 35882577
250-8BITMIME
250-AUTH LOGIN PLAIN XOAUTH2 PLAIN-CLIENTTOKEN OAUTHBEARER XOAUTH
250-ENHANCEDSTATUSCODES
250-PIPELINING
250-CHUNKING
250 SMTPUTF8

2025-11-12T02:37:15+00:00 [L1] CLIENT -> SERVER: AUTH LOGIN

2025-11-12T02:37:15+00:00 [L2] SERVER -> CLIENT: 334 VXNlcm5hbWU6

2025-11-12T02:37:15+00:00 [L1] CLIENT -> SERVER: [credentials hidden]
2025-11-12T02:37:15+00:00 [L2] SERVER -> CLIENT: 334 UGFzc3dvcmQ6

2025-11-12T02:37:15+00:00 [L1] CLIENT -> SERVER: [credentials hidden]
2025-11-12T02:37:16+00:00 [L2] SERVER -> CLIENT: 235 2.7.0 Accepted

2025-11-12T02:37:16+00:00 [L1] CLIENT -> SERVER: MAIL FROM:<jixiandeng99@gmail.com>

2025-11-12T02:37:16+00:00 [L2] SERVER -> CLIENT: 250 2.1.0 OK d9443c01a7336-2984dcca76asm11996905ad.78 - gsmtp

2025-11-12T02:37:16+00:00 [L1] CLIENT -> SERVER: RCPT TO:<jdeng2@scu.edu>

2025-11-12T02:37:16+00:00 [L2] SERVER -> CLIENT: 250 2.1.5 OK d9443c01a7336-2984dcca76asm11996905ad.78 - gsmtp

2025-11-12T02:37:16+00:00 [L1] CLIENT -> SERVER: DATA

2025-11-12T02:37:16+00:00 [L2] SERVER -> CLIENT: 354 Go ahead d9443c01a7336-2984dcca76asm11996905ad.78 - gsmtp

2025-11-12T02:37:16+00:00 [L1] CLIENT -> SERVER: Date: Wed, 12 Nov 2025 02:37:15 +0000

2025-11-12T02:37:16+00:00 [L1] CLIENT -> SERVER: To: jdeng2@scu.edu

2025-11-12T02:37:16+00:00 [L1] CLIENT -> SERVER: From: Plant Diary <jixiandeng99@gmail.com>

2025-11-12T02:37:16+00:00 [L1] CLIENT -> SERVER: Subject: Plant reminder: golden pothos is due now

2025-11-12T02:37:16+00:00 [L1] CLIENT -> SERVER: Message-ID: <ImlPf3BCoVn9YD0H6IfipDgDwTXsH9GrHNzgXvAo4@127.0.0.1>

2025-11-12T02:37:16+00:00 [L1] CLIENT -> SERVER: X-Mailer: PHPMailer 7.0.0 (https://github.com/PHPMailer/PHPMailer)

2025-11-12T02:37:16+00:00 [L1] CLIENT -> SERVER: MIME-Version: 1.0

2025-11-12T02:37:16+00:00 [L1] CLIENT -> SERVER: Content-Type: text/plain; charset=UTF-8

2025-11-12T02:37:16+00:00 [L1] CLIENT -> SERVER: Content-Transfer-Encoding: 8bit

2025-11-12T02:37:16+00:00 [L1] CLIENT -> SERVER: 

2025-11-12T02:37:16+00:00 [L1] CLIENT -> SERVER: Hi jdeng2,

2025-11-12T02:37:16+00:00 [L1] CLIENT -> SERVER: 

2025-11-12T02:37:16+00:00 [L1] CLIENT -> SERVER: This is a reminder that your plant "golden pothos" needs watering — is due now.

2025-11-12T02:37:16+00:00 [L1] CLIENT -> SERVER: 

2025-11-12T02:37:16+00:00 [L1] CLIENT -> SERVER: • Last care date: 2025-11-10

2025-11-12T02:37:16+00:00 [L1] CLIENT -> SERVER: • Frequency: every 1 day(s)

2025-11-12T02:37:16+00:00 [L1] CLIENT -> SERVER: 

2025-11-12T02:37:16+00:00 [L1] CLIENT -> SERVER: Please take care of your plant.

2025-11-12T02:37:16+00:00 [L1] CLIENT -> SERVER: 

2025-11-12T02:37:16+00:00 [L1] CLIENT -> SERVER: — Plant Diary

2025-11-12T02:37:16+00:00 [L1] CLIENT -> SERVER: 

2025-11-12T02:37:16+00:00 [L1] CLIENT -> SERVER: .

2025-11-12T02:37:16+00:00 [L2] SERVER -> CLIENT: 250 2.0.0 OK  1762915036 d9443c01a7336-2984dcca76asm11996905ad.78 - gsmtp

2025-11-12T02:37:16+00:00 [L1] CLIENT -> SERVER: QUIT

2025-11-12T02:37:16+00:00 [L2] SERVER -> CLIENT: 221 2.0.0 closing connection d9443c01a7336-2984dcca76asm11996905ad.78 - gsmtp

2025-11-12T02:50:41+00:00 [L2] SERVER -> CLIENT: 220 smtp.gmail.com ESMTP 41be03b00d2f7-bbf18969168sm989189a12.36 - gsmtp

2025-11-12T02:50:41+00:00 [L1] CLIENT -> SERVER: EHLO 127.0.0.1

2025-11-12T02:50:41+00:00 [L2] SERVER -> CLIENT: 250-smtp.gmail.com at your service, [129.210.115.230]
250-SIZE 35882577
250-8BITMIME
250-STARTTLS
250-ENHANCEDSTATUSCODES
250-PIPELINING
250-CHUNKING
250 SMTPUTF8

2025-11-12T02:50:41+00:00 [L1] CLIENT -> SERVER: STARTTLS

2025-11-12T02:50:41+00:00 [L2] SERVER -> CLIENT: 220 2.0.0 Ready to start TLS

2025-11-12T02:50:41+00:00 [L1] CLIENT -> SERVER: EHLO 127.0.0.1

2025-11-12T02:50:41+00:00 [L2] SERVER -> CLIENT: 250-smtp.gmail.com at your service, [129.210.115.230]
250-SIZE 35882577
250-8BITMIME
250-AUTH LOGIN PLAIN XOAUTH2 PLAIN-CLIENTTOKEN OAUTHBEARER XOAUTH
250-ENHANCEDSTATUSCODES
250-PIPELINING
250-CHUNKING
250 SMTPUTF8

2025-11-12T02:50:41+00:00 [L1] CLIENT -> SERVER: AUTH LOGIN

2025-11-12T02:50:41+00:00 [L2] SERVER -> CLIENT: 334 VXNlcm5hbWU6

2025-11-12T02:50:41+00:00 [L1] CLIENT -> SERVER: [credentials hidden]
2025-11-12T02:50:41+00:00 [L2] SERVER -> CLIENT: 334 UGFzc3dvcmQ6

2025-11-12T02:50:41+00:00 [L1] CLIENT -> SERVER: [credentials hidden]
2025-11-12T02:50:42+00:00 [L2] SERVER -> CLIENT: 235 2.7.0 Accepted

2025-11-12T02:50:42+00:00 [L1] CLIENT -> SERVER: MAIL FROM:<jixiandeng99@gmail.com>

2025-11-12T02:50:42+00:00 [L2] SERVER -> CLIENT: 250 2.1.0 OK 41be03b00d2f7-bbf18969168sm989189a12.36 - gsmtp

2025-11-12T02:50:42+00:00 [L1] CLIENT -> SERVER: RCPT TO:<jdeng2@scu.edu>

2025-11-12T02:50:42+00:00 [L2] SERVER -> CLIENT: 250 2.1.5 OK 41be03b00d2f7-bbf18969168sm989189a12.36 - gsmtp

2025-11-12T02:50:42+00:00 [L1] CLIENT -> SERVER: DATA

2025-11-12T02:50:42+00:00 [L2] SERVER -> CLIENT: 354 Go ahead 41be03b00d2f7-bbf18969168sm989189a12.36 - gsmtp

2025-11-12T02:50:42+00:00 [L1] CLIENT -> SERVER: Date: Wed, 12 Nov 2025 02:50:41 +0000

2025-11-12T02:50:42+00:00 [L1] CLIENT -> SERVER: To: jdeng2@scu.edu

2025-11-12T02:50:42+00:00 [L1] CLIENT -> SERVER: From: Plant Diary <jixiandeng99@gmail.com>

2025-11-12T02:50:42+00:00 [L1] CLIENT -> SERVER: Subject: Plant reminder: golden pothos is due now

2025-11-12T02:50:42+00:00 [L1] CLIENT -> SERVER: Message-ID: <dSj7iCDQEDO6LpbtIafKTwELNSG6ZGcZn0eRd0tKQ84@127.0.0.1>

2025-11-12T02:50:42+00:00 [L1] CLIENT -> SERVER: X-Mailer: PHPMailer 7.0.0 (https://github.com/PHPMailer/PHPMailer)

2025-11-12T02:50:42+00:00 [L1] CLIENT -> SERVER: MIME-Version: 1.0

2025-11-12T02:50:42+00:00 [L1] CLIENT -> SERVER: Content-Type: text/plain; charset=UTF-8

2025-11-12T02:50:42+00:00 [L1] CLIENT -> SERVER: Content-Transfer-Encoding: 8bit

2025-11-12T02:50:42+00:00 [L1] CLIENT -> SERVER: 

2025-11-12T02:50:42+00:00 [L1] CLIENT -> SERVER: Hi jdeng2,

2025-11-12T02:50:42+00:00 [L1] CLIENT -> SERVER: 

2025-11-12T02:50:42+00:00 [L1] CLIENT -> SERVER: This is a reminder that your plant "golden pothos" needs watering — is due now.

2025-11-12T02:50:42+00:00 [L1] CLIENT -> SERVER: 

2025-11-12T02:50:42+00:00 [L1] CLIENT -> SERVER: • Last care date: 2025-11-10

2025-11-12T02:50:42+00:00 [L1] CLIENT -> SERVER: • Frequency: every 1 day(s)

2025-11-12T02:50:42+00:00 [L1] CLIENT -> SERVER: 

2025-11-12T02:50:42+00:00 [L1] CLIENT -> SERVER: Please take care of your plant.

2025-11-12T02:50:42+00:00 [L1] CLIENT -> SERVER: 

2025-11-12T02:50:42+00:00 [L1] CLIENT -> SERVER: — Plant Diary

2025-11-12T02:50:42+00:00 [L1] CLIENT -> SERVER: 

2025-11-12T02:50:42+00:00 [L1] CLIENT -> SERVER: .

2025-11-12T02:50:42+00:00 [L2] SERVER -> CLIENT: 250 2.0.0 OK  1762915842 41be03b00d2f7-bbf18969168sm989189a12.36 - gsmtp

2025-11-12T02:50:42+00:00 [L1] CLIENT -> SERVER: QUIT

2025-11-12T02:50:42+00:00 [L2] SERVER -> CLIENT: 221 2.0.0 closing connection 41be03b00d2f7-bbf18969168sm989189a12.36 - gsmtp

2025-11-12T02:50:48+00:00 [L2] SERVER -> CLIENT: 220 smtp.gmail.com ESMTP d9443c01a7336-2984dc9f92asm11911575ad.66 - gsmtp

2025-11-12T02:50:48+00:00 [L1] CLIENT -> SERVER: EHLO 127.0.0.1

2025-11-12T02:50:48+00:00 [L2] SERVER -> CLIENT: 250-smtp.gmail.com at your service, [129.210.115.230]
250-SIZE 35882577
250-8BITMIME
250-STARTTLS
250-ENHANCEDSTATUSCODES
250-PIPELINING
250-CHUNKING
250 SMTPUTF8

2025-11-12T02:50:48+00:00 [L1] CLIENT -> SERVER: STARTTLS

2025-11-12T02:50:48+00:00 [L2] SERVER -> CLIENT: 220 2.0.0 Ready to start TLS

2025-11-12T02:50:48+00:00 [L1] CLIENT -> SERVER: EHLO 127.0.0.1

2025-11-12T02:50:48+00:00 [L2] SERVER -> CLIENT: 250-smtp.gmail.com at your service, [129.210.115.230]
250-SIZE 35882577
250-8BITMIME
250-AUTH LOGIN PLAIN XOAUTH2 PLAIN-CLIENTTOKEN OAUTHBEARER XOAUTH
250-ENHANCEDSTATUSCODES
250-PIPELINING
250-CHUNKING
250 SMTPUTF8

2025-11-12T02:50:48+00:00 [L1] CLIENT -> SERVER: AUTH LOGIN

2025-11-12T02:50:48+00:00 [L2] SERVER -> CLIENT: 334 VXNlcm5hbWU6

2025-11-12T02:50:48+00:00 [L1] CLIENT -> SERVER: [credentials hidden]
2025-11-12T02:50:48+00:00 [L2] SERVER -> CLIENT: 334 UGFzc3dvcmQ6

2025-11-12T02:50:48+00:00 [L1] CLIENT -> SERVER: [credentials hidden]
2025-11-12T02:50:48+00:00 [L2] SERVER -> CLIENT: 235 2.7.0 Accepted

2025-11-12T02:50:48+00:00 [L1] CLIENT -> SERVER: MAIL FROM:<jixiandeng99@gmail.com>

2025-11-12T02:50:48+00:00 [L2] SERVER -> CLIENT: 250 2.1.0 OK d9443c01a7336-2984dc9f92asm11911575ad.66 - gsmtp

2025-11-12T02:50:48+00:00 [L1] CLIENT -> SERVER: RCPT TO:<jdeng2@scu.edu>

2025-11-12T02:50:48+00:00 [L2] SERVER -> CLIENT: 250 2.1.5 OK d9443c01a7336-2984dc9f92asm11911575ad.66 - gsmtp

2025-11-12T02:50:48+00:00 [L1] CLIENT -> SERVER: DATA

2025-11-12T02:50:49+00:00 [L2] SERVER -> CLIENT: 354 Go ahead d9443c01a7336-2984dc9f92asm11911575ad.66 - gsmtp

2025-11-12T02:50:49+00:00 [L1] CLIENT -> SERVER: Date: Wed, 12 Nov 2025 02:50:48 +0000

2025-11-12T02:50:49+00:00 [L1] CLIENT -> SERVER: To: jdeng2@scu.edu

2025-11-12T02:50:49+00:00 [L1] CLIENT -> SERVER: From: Plant Diary <jixiandeng99@gmail.com>

2025-11-12T02:50:49+00:00 [L1] CLIENT -> SERVER: Subject: Plant reminder: golden pothos is due now

2025-11-12T02:50:49+00:00 [L1] CLIENT -> SERVER: Message-ID: <PGjueixWM5iEpXds0Boeu4RDlwQYkDq0VNbEDAABrY@127.0.0.1>

2025-11-12T02:50:49+00:00 [L1] CLIENT -> SERVER: X-Mailer: PHPMailer 7.0.0 (https://github.com/PHPMailer/PHPMailer)

2025-11-12T02:50:49+00:00 [L1] CLIENT -> SERVER: MIME-Version: 1.0

2025-11-12T02:50:49+00:00 [L1] CLIENT -> SERVER: Content-Type: text/plain; charset=UTF-8

2025-11-12T02:50:49+00:00 [L1] CLIENT -> SERVER: Content-Transfer-Encoding: 8bit

2025-11-12T02:50:49+00:00 [L1] CLIENT -> SERVER: 

2025-11-12T02:50:49+00:00 [L1] CLIENT -> SERVER: Hi jdeng2,

2025-11-12T02:50:49+00:00 [L1] CLIENT -> SERVER: 

2025-11-12T02:50:49+00:00 [L1] CLIENT -> SERVER: This is a reminder that your plant "golden pothos" needs watering — is due now.

2025-11-12T02:50:49+00:00 [L1] CLIENT -> SERVER: 

2025-11-12T02:50:49+00:00 [L1] CLIENT -> SERVER: • Last care date: 2025-11-10

2025-11-12T02:50:49+00:00 [L1] CLIENT -> SERVER: • Frequency: every 1 day(s)

2025-11-12T02:50:49+00:00 [L1] CLIENT -> SERVER: 

2025-11-12T02:50:49+00:00 [L1] CLIENT -> SERVER: Please take care of your plant.

2025-11-12T02:50:49+00:00 [L1] CLIENT -> SERVER: 

2025-11-12T02:50:49+00:00 [L1] CLIENT -> SERVER: — Plant Diary

2025-11-12T02:50:49+00:00 [L1] CLIENT -> SERVER: 

2025-11-12T02:50:49+00:00 [L1] CLIENT -> SERVER: .

2025-11-12T02:50:49+00:00 [L2] SERVER -> CLIENT: 250 2.0.0 OK  1762915849 d9443c01a7336-2984dc9f92asm11911575ad.66 - gsmtp

2025-11-12T02:50:49+00:00 [L1] CLIENT -> SERVER: QUIT

2025-11-12T02:50:49+00:00 [L2] SERVER -> CLIENT: 221 2.0.0 closing connection d9443c01a7336-2984dc9f92asm11911575ad.66 - gsmtp

2025-11-13T00:33:45+00:00 [L2] SERVER -> CLIENT: 220 smtp.gmail.com ESMTP 956f58d0204a3-6410ead4394sm172309d50.21 - gsmtp

2025-11-13T00:33:45+00:00 [L1] CLIENT -> SERVER: EHLO 127.0.0.1

2025-11-13T00:33:45+00:00 [L2] SERVER -> CLIENT: 250-smtp.gmail.com at your service, [146.74.94.63]
250-SIZE 35882577
250-8BITMIME
250-STARTTLS
250-ENHANCEDSTATUSCODES
250-PIPELINING
250-CHUNKING
250 SMTPUTF8

2025-11-13T00:33:45+00:00 [L1] CLIENT -> SERVER: STARTTLS

2025-11-13T00:33:45+00:00 [L2] SERVER -> CLIENT: 220 2.0.0 Ready to start TLS

2025-11-13T00:33:45+00:00 [L1] CLIENT -> SERVER: EHLO 127.0.0.1

2025-11-13T00:33:46+00:00 [L2] SERVER -> CLIENT: 250-smtp.gmail.com at your service, [146.74.94.63]
250-SIZE 35882577
250-8BITMIME
250-AUTH LOGIN PLAIN XOAUTH2 PLAIN-CLIENTTOKEN OAUTHBEARER XOAUTH
250-ENHANCEDSTATUSCODES
250-PIPELINING
250-CHUNKING
250 SMTPUTF8

2025-11-13T00:33:46+00:00 [L1] CLIENT -> SERVER: AUTH LOGIN

2025-11-13T00:33:46+00:00 [L2] SERVER -> CLIENT: 334 VXNlcm5hbWU6

2025-11-13T00:33:46+00:00 [L1] CLIENT -> SERVER: [credentials hidden]
2025-11-13T00:33:46+00:00 [L2] SERVER -> CLIENT: 334 UGFzc3dvcmQ6

2025-11-13T00:33:46+00:00 [L1] CLIENT -> SERVER: [credentials hidden]
2025-11-13T00:33:46+00:00 [L2] SERVER -> CLIENT: 235 2.7.0 Accepted

2025-11-13T00:33:46+00:00 [L1] CLIENT -> SERVER: MAIL FROM:<jixiandeng99@gmail.com>

2025-11-13T00:33:46+00:00 [L2] SERVER -> CLIENT: 250 2.1.0 OK 956f58d0204a3-6410ead4394sm172309d50.21 - gsmtp

2025-11-13T00:33:46+00:00 [L1] CLIENT -> SERVER: RCPT TO:<jdeng2@scu.edu>

2025-11-13T00:33:46+00:00 [L2] SERVER -> CLIENT: 250 2.1.5 OK 956f58d0204a3-6410ead4394sm172309d50.21 - gsmtp

2025-11-13T00:33:46+00:00 [L1] CLIENT -> SERVER: DATA

2025-11-13T00:33:46+00:00 [L2] SERVER -> CLIENT: 354 Go ahead 956f58d0204a3-6410ead4394sm172309d50.21 - gsmtp

2025-11-13T00:33:46+00:00 [L1] CLIENT -> SERVER: Date: Thu, 13 Nov 2025 00:33:45 +0000

2025-11-13T00:33:46+00:00 [L1] CLIENT -> SERVER: To: jdeng2@scu.edu

2025-11-13T00:33:46+00:00 [L1] CLIENT -> SERVER: From: Plant Diary <jixiandeng99@gmail.com>

2025-11-13T00:33:46+00:00 [L1] CLIENT -> SERVER: Subject: Plant reminder: golden pothos is due now

2025-11-13T00:33:46+00:00 [L1] CLIENT -> SERVER: Message-ID: <ialUF5ZCGTVjtSsRSiGZ5cwjkztqG1c36gfsDRadzU@127.0.0.1>

2025-11-13T00:33:46+00:00 [L1] CLIENT -> SERVER: X-Mailer: PHPMailer 7.0.0 (https://github.com/PHPMailer/PHPMailer)

2025-11-13T00:33:46+00:00 [L1] CLIENT -> SERVER: MIME-Version: 1.0

2025-11-13T00:33:46+00:00 [L1] CLIENT -> SERVER: Content-Type: text/plain; charset=UTF-8

2025-11-13T00:33:46+00:00 [L1] CLIENT -> SERVER: Content-Transfer-Encoding: 8bit

2025-11-13T00:33:46+00:00 [L1] CLIENT -> SERVER: 

2025-11-13T00:33:46+00:00 [L1] CLIENT -> SERVER: Hi jdeng2,

2025-11-13T00:33:46+00:00 [L1] CLIENT -> SERVER: 

2025-11-13T00:33:46+00:00 [L1] CLIENT -> SERVER: This is a reminder that your plant "golden pothos" needs watering — is due now.

2025-11-13T00:33:46+00:00 [L1] CLIENT -> SERVER: 

2025-11-13T00:33:46+00:00 [L1] CLIENT -> SERVER: • Last care date: 2025-11-10

2025-11-13T00:33:46+00:00 [L1] CLIENT -> SERVER: • Frequency: every 1 day(s)

2025-11-13T00:33:46+00:00 [L1] CLIENT -> SERVER: 

2025-11-13T00:33:46+00:00 [L1] CLIENT -> SERVER: Please take care of your plant.

2025-11-13T00:33:46+00:00 [L1] CLIENT -> SERVER: 

2025-11-13T00:33:46+00:00 [L1] CLIENT -> SERVER: — Plant Diary

2025-11-13T00:33:46+00:00 [L1] CLIENT -> SERVER: 

2025-11-13T00:33:46+00:00 [L1] CLIENT -> SERVER: .

2025-11-13T00:33:47+00:00 [L2] SERVER -> CLIENT: 250 2.0.0 OK  1762994027 956f58d0204a3-6410ead4394sm172309d50.21 - gsmtp

2025-11-13T00:33:47+00:00 [L1] CLIENT -> SERVER: QUIT

2025-11-13T00:33:47+00:00 [L2] SERVER -> CLIENT: 221 2.0.0 closing connection 956f58d0204a3-6410ead4394sm172309d50.21 - gsmtp

2025-11-19T02:23:36+00:00 [L2] SERVER -> CLIENT: 220 smtp.gmail.com ESMTP 5a478bee46e88-2a49db7a753sm64994587eec.6 - gsmtp

2025-11-19T02:23:36+00:00 [L1] CLIENT -> SERVER: EHLO 127.0.0.1

2025-11-19T02:23:36+00:00 [L2] SERVER -> CLIENT: 250-smtp.gmail.com at your service, [129.210.115.230]
250-SIZE 35882577
250-8BITMIME
250-STARTTLS
250-ENHANCEDSTATUSCODES
250-PIPELINING
250-CHUNKING
250 SMTPUTF8

2025-11-19T02:23:36+00:00 [L1] CLIENT -> SERVER: STARTTLS

2025-11-19T02:23:36+00:00 [L2] SERVER -> CLIENT: 220 2.0.0 Ready to start TLS

2025-11-19T02:23:36+00:00 [L1] CLIENT -> SERVER: EHLO 127.0.0.1

2025-11-19T02:23:36+00:00 [L2] SERVER -> CLIENT: 250-smtp.gmail.com at your service, [129.210.115.230]
250-SIZE 35882577
250-8BITMIME
250-AUTH LOGIN PLAIN XOAUTH2 PLAIN-CLIENTTOKEN OAUTHBEARER XOAUTH
250-ENHANCEDSTATUSCODES
250-PIPELINING
250-CHUNKING
250 SMTPUTF8

2025-11-19T02:23:36+00:00 [L1] CLIENT -> SERVER: AUTH LOGIN

2025-11-19T02:23:36+00:00 [L2] SERVER -> CLIENT: 334 VXNlcm5hbWU6

2025-11-19T02:23:36+00:00 [L1] CLIENT -> SERVER: [credentials hidden]
2025-11-19T02:23:36+00:00 [L2] SERVER -> CLIENT: 334 UGFzc3dvcmQ6

2025-11-19T02:23:36+00:00 [L1] CLIENT -> SERVER: [credentials hidden]
2025-11-19T02:23:37+00:00 [L2] SERVER -> CLIENT: 235 2.7.0 Accepted

2025-11-19T02:23:37+00:00 [L1] CLIENT -> SERVER: MAIL FROM:<plantdiaryCSEN174@gmail.com>

2025-11-19T02:23:37+00:00 [L2] SERVER -> CLIENT: 250 2.1.0 OK 5a478bee46e88-2a49db7a753sm64994587eec.6 - gsmtp

2025-11-19T02:23:37+00:00 [L1] CLIENT -> SERVER: RCPT TO:<jdeng2@scu.edu>

2025-11-19T02:23:37+00:00 [L2] SERVER -> CLIENT: 250 2.1.5 OK 5a478bee46e88-2a49db7a753sm64994587eec.6 - gsmtp

2025-11-19T02:23:37+00:00 [L1] CLIENT -> SERVER: DATA

2025-11-19T02:23:37+00:00 [L2] SERVER -> CLIENT: 354 Go ahead 5a478bee46e88-2a49db7a753sm64994587eec.6 - gsmtp

2025-11-19T02:23:37+00:00 [L1] CLIENT -> SERVER: Date: Wed, 19 Nov 2025 02:23:36 +0000

2025-11-19T02:23:37+00:00 [L1] CLIENT -> SERVER: To: jdeng2@scu.edu

2025-11-19T02:23:37+00:00 [L1] CLIENT -> SERVER: From: Plant Diary <plantdiaryCSEN174@gmail.com>

2025-11-19T02:23:37+00:00 [L1] CLIENT -> SERVER: Subject: Test SMTP

2025-11-19T02:23:37+00:00 [L1] CLIENT -> SERVER: Message-ID: <NlSHhAacYlWveeQMXEL1jmSgqnG7EU8pgw9i7gtA6ys@127.0.0.1>

2025-11-19T02:23:37+00:00 [L1] CLIENT -> SERVER: X-Mailer: PHPMailer 7.0.0 (https://github.com/PHPMailer/PHPMailer)

2025-11-19T02:23:37+00:00 [L1] CLIENT -> SERVER: MIME-Version: 1.0

2025-11-19T02:23:37+00:00 [L1] CLIENT -> SERVER: Content-Type: text/plain; charset=UTF-8

2025-11-19T02:23:37+00:00 [L1] CLIENT -> SERVER: 

2025-11-19T02:23:37+00:00 [L1] CLIENT -> SERVER: Hello from Plant Diary

2025-11-19T02:23:37+00:00 [L1] CLIENT -> SERVER: 

2025-11-19T02:23:37+00:00 [L1] CLIENT -> SERVER: .

2025-11-19T02:23:38+00:00 [L2] SERVER -> CLIENT: 250 2.0.0 OK  1763519018 5a478bee46e88-2a49db7a753sm64994587eec.6 - gsmtp

2025-11-19T02:23:38+00:00 [L1] CLIENT -> SERVER: QUIT

2025-11-19T02:23:38+00:00 [L2] SERVER -> CLIENT: 221 2.0.0 closing connection 5a478bee46e88-2a49db7a753sm64994587eec.6 - gsmtp

2025-11-19T02:33:27+00:00 [L2] SERVER -> CLIENT: 220 smtp.gmail.com ESMTP a92af1059eb24-11b0608861asm45203646c88.9 - gsmtp

2025-11-19T02:33:27+00:00 [L1] CLIENT -> SERVER: EHLO 127.0.0.1

2025-11-19T02:33:27+00:00 [L2] SERVER -> CLIENT: 250-smtp.gmail.com at your service, [129.210.115.230]
250-SIZE 35882577
250-8BITMIME
250-STARTTLS
250-ENHANCEDSTATUSCODES
250-PIPELINING
250-CHUNKING
250 SMTPUTF8

2025-11-19T02:33:27+00:00 [L1] CLIENT -> SERVER: STARTTLS

2025-11-19T02:33:27+00:00 [L2] SERVER -> CLIENT: 220 2.0.0 Ready to start TLS

2025-11-19T02:33:27+00:00 [L1] CLIENT -> SERVER: EHLO 127.0.0.1

2025-11-19T02:33:27+00:00 [L2] SERVER -> CLIENT: 250-smtp.gmail.com at your service, [129.210.115.230]
250-SIZE 35882577
250-8BITMIME
250-AUTH LOGIN PLAIN XOAUTH2 PLAIN-CLIENTTOKEN OAUTHBEARER XOAUTH
250-ENHANCEDSTATUSCODES
250-PIPELINING
250-CHUNKING
250 SMTPUTF8

2025-11-19T02:33:27+00:00 [L1] CLIENT -> SERVER: AUTH LOGIN

2025-11-19T02:33:27+00:00 [L2] SERVER -> CLIENT: 334 VXNlcm5hbWU6

2025-11-19T02:33:27+00:00 [L1] CLIENT -> SERVER: [credentials hidden]
2025-11-19T02:33:27+00:00 [L2] SERVER -> CLIENT: 334 UGFzc3dvcmQ6

2025-11-19T02:33:27+00:00 [L1] CLIENT -> SERVER: [credentials hidden]
2025-11-19T02:33:27+00:00 [L2] SERVER -> CLIENT: 235 2.7.0 Accepted

2025-11-19T02:33:27+00:00 [L1] CLIENT -> SERVER: MAIL FROM:<plantdiaryCSEN174@gmail.com>

2025-11-19T02:33:27+00:00 [L2] SERVER -> CLIENT: 250 2.1.0 OK a92af1059eb24-11b0608861asm45203646c88.9 - gsmtp

2025-11-19T02:33:27+00:00 [L1] CLIENT -> SERVER: RCPT TO:<jdeng2@scu.edu>

2025-11-19T02:33:27+00:00 [L2] SERVER -> CLIENT: 250 2.1.5 OK a92af1059eb24-11b0608861asm45203646c88.9 - gsmtp

2025-11-19T02:33:27+00:00 [L1] CLIENT -> SERVER: DATA

2025-11-19T02:33:27+00:00 [L2] SERVER -> CLIENT: 354 Go ahead a92af1059eb24-11b0608861asm45203646c88.9 - gsmtp

2025-11-19T02:33:27+00:00 [L1] CLIENT -> SERVER: Date: Wed, 19 Nov 2025 02:33:27 +0000

2025-11-19T02:33:27+00:00 [L1] CLIENT -> SERVER: To: jdeng2@scu.edu

2025-11-19T02:33:27+00:00 [L1] CLIENT -> SERVER: From: Plant Diary <plantdiaryCSEN174@gmail.com>

2025-11-19T02:33:27+00:00 [L1] CLIENT -> SERVER: Subject: Plant reminder: leaf is due now

2025-11-19T02:33:27+00:00 [L1] CLIENT -> SERVER: Message-ID: <JVSnhKhsh4TMUEcuEkinP73brrFW0Lrdc01fK3lmQ@127.0.0.1>

2025-11-19T02:33:27+00:00 [L1] CLIENT -> SERVER: X-Mailer: PHPMailer 7.0.0 (https://github.com/PHPMailer/PHPMailer)

2025-11-19T02:33:27+00:00 [L1] CLIENT -> SERVER: MIME-Version: 1.0

2025-11-19T02:33:27+00:00 [L1] CLIENT -> SERVER: Content-Type: text/plain; charset=UTF-8

2025-11-19T02:33:27+00:00 [L1] CLIENT -> SERVER: Content-Transfer-Encoding: 8bit

2025-11-19T02:33:27+00:00 [L1] CLIENT -> SERVER: 

2025-11-19T02:33:27+00:00 [L1] CLIENT -> SERVER: Hi jdeng2,

2025-11-19T02:33:27+00:00 [L1] CLIENT -> SERVER: 

2025-11-19T02:33:27+00:00 [L1] CLIENT -> SERVER: This is a reminder that your plant "leaf" needs watering — is due now.

2025-11-19T02:33:27+00:00 [L1] CLIENT -> SERVER: 

2025-11-19T02:33:27+00:00 [L1] CLIENT -> SERVER: • Last care date: 2025-11-17

2025-11-19T02:33:27+00:00 [L1] CLIENT -> SERVER: • Frequency: every 1 day(s)

2025-11-19T02:33:27+00:00 [L1] CLIENT -> SERVER: 

2025-11-19T02:33:27+00:00 [L1] CLIENT -> SERVER: Please take care of your plant.

2025-11-19T02:33:27+00:00 [L1] CLIENT -> SERVER: 

2025-11-19T02:33:27+00:00 [L1] CLIENT -> SERVER: — Plant Diary

2025-11-19T02:33:27+00:00 [L1] CLIENT -> SERVER: 

2025-11-19T02:33:27+00:00 [L1] CLIENT -> SERVER: .

2025-11-19T02:33:28+00:00 [L2] SERVER -> CLIENT: 250 2.0.0 OK  1763519608 a92af1059eb24-11b0608861asm45203646c88.9 - gsmtp

2025-11-19T02:33:28+00:00 [L1] CLIENT -> SERVER: QUIT

2025-11-19T02:33:28+00:00 [L2] SERVER -> CLIENT: 221 2.0.0 closing connection a92af1059eb24-11b0608861asm45203646c88.9 - gsmtp

2025-11-19T02:41:34+00:00 [L2] SERVER -> CLIENT: 220 smtp.gmail.com ESMTP a92af1059eb24-11b0608860fsm56021333c88.5 - gsmtp

2025-11-19T02:41:34+00:00 [L1] CLIENT -> SERVER: EHLO 127.0.0.1

2025-11-19T02:41:34+00:00 [L2] SERVER -> CLIENT: 250-smtp.gmail.com at your service, [129.210.115.230]
250-SIZE 35882577
250-8BITMIME
250-STARTTLS
250-ENHANCEDSTATUSCODES
250-PIPELINING
250-CHUNKING
250 SMTPUTF8

2025-11-19T02:41:34+00:00 [L1] CLIENT -> SERVER: STARTTLS

2025-11-19T02:41:34+00:00 [L2] SERVER -> CLIENT: 220 2.0.0 Ready to start TLS

2025-11-19T02:41:34+00:00 [L1] CLIENT -> SERVER: EHLO 127.0.0.1

2025-11-19T02:41:34+00:00 [L2] SERVER -> CLIENT: 250-smtp.gmail.com at your service, [129.210.115.230]
250-SIZE 35882577
250-8BITMIME
250-AUTH LOGIN PLAIN XOAUTH2 PLAIN-CLIENTTOKEN OAUTHBEARER XOAUTH
250-ENHANCEDSTATUSCODES
250-PIPELINING
250-CHUNKING
250 SMTPUTF8

2025-11-19T02:41:34+00:00 [L1] CLIENT -> SERVER: AUTH LOGIN

2025-11-19T02:41:34+00:00 [L2] SERVER -> CLIENT: 334 VXNlcm5hbWU6

2025-11-19T02:41:34+00:00 [L1] CLIENT -> SERVER: [credentials hidden]
2025-11-19T02:41:34+00:00 [L2] SERVER -> CLIENT: 334 UGFzc3dvcmQ6

2025-11-19T02:41:34+00:00 [L1] CLIENT -> SERVER: [credentials hidden]
2025-11-19T02:41:35+00:00 [L2] SERVER -> CLIENT: 235 2.7.0 Accepted

2025-11-19T02:41:35+00:00 [L1] CLIENT -> SERVER: MAIL FROM:<plantdiaryCSEN174@gmail.com>

2025-11-19T02:41:35+00:00 [L2] SERVER -> CLIENT: 250 2.1.0 OK a92af1059eb24-11b0608860fsm56021333c88.5 - gsmtp

2025-11-19T02:41:35+00:00 [L1] CLIENT -> SERVER: RCPT TO:<jdeng2@scu.edu>

2025-11-19T02:41:35+00:00 [L2] SERVER -> CLIENT: 250 2.1.5 OK a92af1059eb24-11b0608860fsm56021333c88.5 - gsmtp

2025-11-19T02:41:35+00:00 [L1] CLIENT -> SERVER: DATA

2025-11-19T02:41:35+00:00 [L2] SERVER -> CLIENT: 354 Go ahead a92af1059eb24-11b0608860fsm56021333c88.5 - gsmtp

2025-11-19T02:41:35+00:00 [L1] CLIENT -> SERVER: Date: Wed, 19 Nov 2025 02:41:34 +0000

2025-11-19T02:41:35+00:00 [L1] CLIENT -> SERVER: To: jdeng2@scu.edu

2025-11-19T02:41:35+00:00 [L1] CLIENT -> SERVER: From: Plant Diary <plantdiaryCSEN174@gmail.com>

2025-11-19T02:41:35+00:00 [L1] CLIENT -> SERVER: Subject: Plant reminder: leaf is due now

2025-11-19T02:41:35+00:00 [L1] CLIENT -> SERVER: Message-ID: <EaJiHWp3AqZiuCf2ujMw2fEqgE1wzRVrct6eAktvQ@127.0.0.1>

2025-11-19T02:41:35+00:00 [L1] CLIENT -> SERVER: X-Mailer: PHPMailer 7.0.0 (https://github.com/PHPMailer/PHPMailer)

2025-11-19T02:41:35+00:00 [L1] CLIENT -> SERVER: MIME-Version: 1.0

2025-11-19T02:41:35+00:00 [L1] CLIENT -> SERVER: Content-Type: text/plain; charset=UTF-8

2025-11-19T02:41:35+00:00 [L1] CLIENT -> SERVER: Content-Transfer-Encoding: 8bit

2025-11-19T02:41:35+00:00 [L1] CLIENT -> SERVER: 

2025-11-19T02:41:35+00:00 [L1] CLIENT -> SERVER: Hi jdeng2,

2025-11-19T02:41:35+00:00 [L1] CLIENT -> SERVER: 

2025-11-19T02:41:35+00:00 [L1] CLIENT -> SERVER: This is a reminder that your plant "leaf" needs watering — is due now.

2025-11-19T02:41:35+00:00 [L1] CLIENT -> SERVER: 

2025-11-19T02:41:35+00:00 [L1] CLIENT -> SERVER: • Last care date: 2025-11-16

2025-11-19T02:41:35+00:00 [L1] CLIENT -> SERVER: • Frequency: every 1 day(s)

2025-11-19T02:41:35+00:00 [L1] CLIENT -> SERVER: 

2025-11-19T02:41:35+00:00 [L1] CLIENT -> SERVER: Please take care of your plant.

2025-11-19T02:41:35+00:00 [L1] CLIENT -> SERVER: 

2025-11-19T02:41:35+00:00 [L1] CLIENT -> SERVER: — Plant Diary

2025-11-19T02:41:35+00:00 [L1] CLIENT -> SERVER: 

2025-11-19T02:41:35+00:00 [L1] CLIENT -> SERVER: .

2025-11-19T02:41:35+00:00 [L2] SERVER -> CLIENT: 250 2.0.0 OK  1763520095 a92af1059eb24-11b0608860fsm56021333c88.5 - gsmtp

2025-11-19T02:41:35+00:00 [L1] CLIENT -> SERVER: QUIT

2025-11-19T02:41:35+00:00 [L2] SERVER -> CLIENT: 221 2.0.0 closing connection a92af1059eb24-11b0608860fsm56021333c88.5 - gsmtp

2025-11-19T02:46:46+00:00 [L2] SERVER -> CLIENT: 220 smtp.gmail.com ESMTP 5a478bee46e88-2a49d9ead79sm82898604eec.1 - gsmtp

2025-11-19T02:46:46+00:00 [L1] CLIENT -> SERVER: EHLO 127.0.0.1

2025-11-19T02:46:46+00:00 [L2] SERVER -> CLIENT: 250-smtp.gmail.com at your service, [129.210.115.230]
250-SIZE 35882577
250-8BITMIME
250-STARTTLS
250-ENHANCEDSTATUSCODES
250-PIPELINING
250-CHUNKING
250 SMTPUTF8

2025-11-19T02:46:46+00:00 [L1] CLIENT -> SERVER: STARTTLS

2025-11-19T02:46:46+00:00 [L2] SERVER -> CLIENT: 220 2.0.0 Ready to start TLS

2025-11-19T02:46:46+00:00 [L1] CLIENT -> SERVER: EHLO 127.0.0.1

2025-11-19T02:46:46+00:00 [L2] SERVER -> CLIENT: 250-smtp.gmail.com at your service, [129.210.115.230]
250-SIZE 35882577
250-8BITMIME
250-AUTH LOGIN PLAIN XOAUTH2 PLAIN-CLIENTTOKEN OAUTHBEARER XOAUTH
250-ENHANCEDSTATUSCODES
250-PIPELINING
250-CHUNKING
250 SMTPUTF8

2025-11-19T02:46:46+00:00 [L1] CLIENT -> SERVER: AUTH LOGIN

2025-11-19T02:46:46+00:00 [L2] SERVER -> CLIENT: 334 VXNlcm5hbWU6

2025-11-19T02:46:46+00:00 [L1] CLIENT -> SERVER: [credentials hidden]
2025-11-19T02:46:46+00:00 [L2] SERVER -> CLIENT: 334 UGFzc3dvcmQ6

2025-11-19T02:46:46+00:00 [L1] CLIENT -> SERVER: [credentials hidden]
2025-11-19T02:46:47+00:00 [L2] SERVER -> CLIENT: 235 2.7.0 Accepted

2025-11-19T02:46:47+00:00 [L1] CLIENT -> SERVER: MAIL FROM:<plantdiaryCSEN174@gmail.com>

2025-11-19T02:46:47+00:00 [L2] SERVER -> CLIENT: 250 2.1.0 OK 5a478bee46e88-2a49d9ead79sm82898604eec.1 - gsmtp

2025-11-19T02:46:47+00:00 [L1] CLIENT -> SERVER: RCPT TO:<jdeng2@scu.edu>

2025-11-19T02:46:47+00:00 [L2] SERVER -> CLIENT: 250 2.1.5 OK 5a478bee46e88-2a49d9ead79sm82898604eec.1 - gsmtp

2025-11-19T02:46:47+00:00 [L1] CLIENT -> SERVER: DATA

2025-11-19T02:46:47+00:00 [L2] SERVER -> CLIENT: 354 Go ahead 5a478bee46e88-2a49d9ead79sm82898604eec.1 - gsmtp

2025-11-19T02:46:47+00:00 [L1] CLIENT -> SERVER: Date: Wed, 19 Nov 2025 02:46:46 +0000

2025-11-19T02:46:47+00:00 [L1] CLIENT -> SERVER: To: jdeng2@scu.edu

2025-11-19T02:46:47+00:00 [L1] CLIENT -> SERVER: From: Plant Diary <plantdiaryCSEN174@gmail.com>

2025-11-19T02:46:47+00:00 [L1] CLIENT -> SERVER: Subject: Plant reminder: leaf is due now

2025-11-19T02:46:47+00:00 [L1] CLIENT -> SERVER: Message-ID: <5ZqW1j7EOVwr9LkSZlvLW9jcqKJmT4OmwP01u71JQ@127.0.0.1>

2025-11-19T02:46:47+00:00 [L1] CLIENT -> SERVER: X-Mailer: PHPMailer 7.0.0 (https://github.com/PHPMailer/PHPMailer)

2025-11-19T02:46:47+00:00 [L1] CLIENT -> SERVER: MIME-Version: 1.0

2025-11-19T02:46:47+00:00 [L1] CLIENT -> SERVER: Content-Type: text/plain; charset=UTF-8

2025-11-19T02:46:47+00:00 [L1] CLIENT -> SERVER: Content-Transfer-Encoding: 8bit

2025-11-19T02:46:47+00:00 [L1] CLIENT -> SERVER: 

2025-11-19T02:46:47+00:00 [L1] CLIENT -> SERVER: Hi jdeng2,

2025-11-19T02:46:47+00:00 [L1] CLIENT -> SERVER: 

2025-11-19T02:46:47+00:00 [L1] CLIENT -> SERVER: This is a reminder that your plant "leaf" needs watering — is due now.

2025-11-19T02:46:47+00:00 [L1] CLIENT -> SERVER: 

2025-11-19T02:46:47+00:00 [L1] CLIENT -> SERVER: • Last care date: 2025-11-16

2025-11-19T02:46:47+00:00 [L1] CLIENT -> SERVER: • Frequency: every 1 day(s)

2025-11-19T02:46:47+00:00 [L1] CLIENT -> SERVER: 

2025-11-19T02:46:47+00:00 [L1] CLIENT -> SERVER: Please take care of your plant.

2025-11-19T02:46:47+00:00 [L1] CLIENT -> SERVER: 

2025-11-19T02:46:47+00:00 [L1] CLIENT -> SERVER: — Plant Diary

2025-11-19T02:46:47+00:00 [L1] CLIENT -> SERVER: 

2025-11-19T02:46:47+00:00 [L1] CLIENT -> SERVER: .

2025-11-19T02:46:47+00:00 [L2] SERVER -> CLIENT: 250 2.0.0 OK  1763520407 5a478bee46e88-2a49d9ead79sm82898604eec.1 - gsmtp

2025-11-19T02:46:47+00:00 [L1] CLIENT -> SERVER: QUIT

2025-11-19T02:46:47+00:00 [L2] SERVER -> CLIENT: 221 2.0.0 closing connection 5a478bee46e88-2a49d9ead79sm82898604eec.1 - gsmtp

2025-11-19T02:46:53+00:00 [L2] SERVER -> CLIENT: 220 smtp.gmail.com ESMTP a92af1059eb24-11b060885eesm68016852c88.1 - gsmtp

2025-11-19T02:46:53+00:00 [L1] CLIENT -> SERVER: EHLO 127.0.0.1

2025-11-19T02:46:53+00:00 [L2] SERVER -> CLIENT: 250-smtp.gmail.com at your service, [129.210.115.230]
250-SIZE 35882577
250-8BITMIME
250-STARTTLS
250-ENHANCEDSTATUSCODES
250-PIPELINING
250-CHUNKING
250 SMTPUTF8

2025-11-19T02:46:53+00:00 [L1] CLIENT -> SERVER: STARTTLS

2025-11-19T02:46:53+00:00 [L2] SERVER -> CLIENT: 220 2.0.0 Ready to start TLS

2025-11-19T02:46:53+00:00 [L1] CLIENT -> SERVER: EHLO 127.0.0.1

2025-11-19T02:46:53+00:00 [L2] SERVER -> CLIENT: 250-smtp.gmail.com at your service, [129.210.115.230]
250-SIZE 35882577
250-8BITMIME
250-AUTH LOGIN PLAIN XOAUTH2 PLAIN-CLIENTTOKEN OAUTHBEARER XOAUTH
250-ENHANCEDSTATUSCODES
250-PIPELINING
250-CHUNKING
250 SMTPUTF8

2025-11-19T02:46:53+00:00 [L1] CLIENT -> SERVER: AUTH LOGIN

2025-11-19T02:46:53+00:00 [L2] SERVER -> CLIENT: 334 VXNlcm5hbWU6

2025-11-19T02:46:53+00:00 [L1] CLIENT -> SERVER: [credentials hidden]
2025-11-19T02:46:53+00:00 [L2] SERVER -> CLIENT: 334 UGFzc3dvcmQ6

2025-11-19T02:46:53+00:00 [L1] CLIENT -> SERVER: [credentials hidden]
2025-11-19T02:46:54+00:00 [L2] SERVER -> CLIENT: 235 2.7.0 Accepted

2025-11-19T02:46:54+00:00 [L1] CLIENT -> SERVER: MAIL FROM:<plantdiaryCSEN174@gmail.com>

2025-11-19T02:46:54+00:00 [L2] SERVER -> CLIENT: 250 2.1.0 OK a92af1059eb24-11b060885eesm68016852c88.1 - gsmtp

2025-11-19T02:46:54+00:00 [L1] CLIENT -> SERVER: RCPT TO:<jdeng2@scu.edu>

2025-11-19T02:46:54+00:00 [L2] SERVER -> CLIENT: 250 2.1.5 OK a92af1059eb24-11b060885eesm68016852c88.1 - gsmtp

2025-11-19T02:46:54+00:00 [L1] CLIENT -> SERVER: DATA

2025-11-19T02:46:54+00:00 [L2] SERVER -> CLIENT: 354 Go ahead a92af1059eb24-11b060885eesm68016852c88.1 - gsmtp

2025-11-19T02:46:54+00:00 [L1] CLIENT -> SERVER: Date: Wed, 19 Nov 2025 02:46:53 +0000

2025-11-19T02:46:54+00:00 [L1] CLIENT -> SERVER: To: jdeng2@scu.edu

2025-11-19T02:46:54+00:00 [L1] CLIENT -> SERVER: From: Plant Diary <plantdiaryCSEN174@gmail.com>

2025-11-19T02:46:54+00:00 [L1] CLIENT -> SERVER: Subject: Plant reminder: leaf is due now

2025-11-19T02:46:54+00:00 [L1] CLIENT -> SERVER: Message-ID: <psUjc0RwOOXAwavMjKD9gHKuhAo6PsjDSe1xixVMI@127.0.0.1>

2025-11-19T02:46:54+00:00 [L1] CLIENT -> SERVER: X-Mailer: PHPMailer 7.0.0 (https://github.com/PHPMailer/PHPMailer)

2025-11-19T02:46:54+00:00 [L1] CLIENT -> SERVER: MIME-Version: 1.0

2025-11-19T02:46:54+00:00 [L1] CLIENT -> SERVER: Content-Type: text/plain; charset=UTF-8

2025-11-19T02:46:54+00:00 [L1] CLIENT -> SERVER: Content-Transfer-Encoding: 8bit

2025-11-19T02:46:54+00:00 [L1] CLIENT -> SERVER: 

2025-11-19T02:46:54+00:00 [L1] CLIENT -> SERVER: Hi jdeng2,

2025-11-19T02:46:54+00:00 [L1] CLIENT -> SERVER: 

2025-11-19T02:46:54+00:00 [L1] CLIENT -> SERVER: This is a reminder that your plant "leaf" needs watering — is due now.

2025-11-19T02:46:54+00:00 [L1] CLIENT -> SERVER: 

2025-11-19T02:46:54+00:00 [L1] CLIENT -> SERVER: • Last care date: 2025-11-16

2025-11-19T02:46:54+00:00 [L1] CLIENT -> SERVER: • Frequency: every 1 day(s)

2025-11-19T02:46:54+00:00 [L1] CLIENT -> SERVER: 

2025-11-19T02:46:54+00:00 [L1] CLIENT -> SERVER: Please take care of your plant.

2025-11-19T02:46:54+00:00 [L1] CLIENT -> SERVER: 

2025-11-19T02:46:54+00:00 [L1] CLIENT -> SERVER: — Plant Diary

2025-11-19T02:46:54+00:00 [L1] CLIENT -> SERVER: 

2025-11-19T02:46:54+00:00 [L1] CLIENT -> SERVER: .

2025-11-19T02:46:55+00:00 [L2] SERVER -> CLIENT: 250 2.0.0 OK  1763520415 a92af1059eb24-11b060885eesm68016852c88.1 - gsmtp

2025-11-19T02:46:55+00:00 [L1] CLIENT -> SERVER: QUIT

2025-11-19T02:46:55+00:00 [L2] SERVER -> CLIENT: 221 2.0.0 closing connection a92af1059eb24-11b060885eesm68016852c88.1 - gsmtp

2025-11-19T02:47:00+00:00 [L2] SERVER -> CLIENT: 220 smtp.gmail.com ESMTP a92af1059eb24-11b060885d8sm75470045c88.2 - gsmtp

2025-11-19T02:47:00+00:00 [L1] CLIENT -> SERVER: EHLO 127.0.0.1

2025-11-19T02:47:00+00:00 [L2] SERVER -> CLIENT: 250-smtp.gmail.com at your service, [129.210.115.230]
250-SIZE 35882577
250-8BITMIME
250-STARTTLS
250-ENHANCEDSTATUSCODES
250-PIPELINING
250-CHUNKING
250 SMTPUTF8

2025-11-19T02:47:00+00:00 [L1] CLIENT -> SERVER: STARTTLS

2025-11-19T02:47:00+00:00 [L2] SERVER -> CLIENT: 220 2.0.0 Ready to start TLS

2025-11-19T02:47:00+00:00 [L1] CLIENT -> SERVER: EHLO 127.0.0.1

2025-11-19T02:47:00+00:00 [L2] SERVER -> CLIENT: 250-smtp.gmail.com at your service, [129.210.115.230]
250-SIZE 35882577
250-8BITMIME
250-AUTH LOGIN PLAIN XOAUTH2 PLAIN-CLIENTTOKEN OAUTHBEARER XOAUTH
250-ENHANCEDSTATUSCODES
250-PIPELINING
250-CHUNKING
250 SMTPUTF8

2025-11-19T02:47:00+00:00 [L1] CLIENT -> SERVER: AUTH LOGIN

2025-11-19T02:47:00+00:00 [L2] SERVER -> CLIENT: 334 VXNlcm5hbWU6

2025-11-19T02:47:00+00:00 [L1] CLIENT -> SERVER: [credentials hidden]
2025-11-19T02:47:00+00:00 [L2] SERVER -> CLIENT: 334 UGFzc3dvcmQ6

2025-11-19T02:47:00+00:00 [L1] CLIENT -> SERVER: [credentials hidden]
2025-11-19T02:47:01+00:00 [L2] SERVER -> CLIENT: 235 2.7.0 Accepted

2025-11-19T02:47:01+00:00 [L1] CLIENT -> SERVER: MAIL FROM:<plantdiaryCSEN174@gmail.com>

2025-11-19T02:47:01+00:00 [L2] SERVER -> CLIENT: 250 2.1.0 OK a92af1059eb24-11b060885d8sm75470045c88.2 - gsmtp

2025-11-19T02:47:01+00:00 [L1] CLIENT -> SERVER: RCPT TO:<jdeng2@scu.edu>

2025-11-19T02:47:01+00:00 [L2] SERVER -> CLIENT: 250 2.1.5 OK a92af1059eb24-11b060885d8sm75470045c88.2 - gsmtp

2025-11-19T02:47:01+00:00 [L1] CLIENT -> SERVER: DATA

2025-11-19T02:47:01+00:00 [L2] SERVER -> CLIENT: 354 Go ahead a92af1059eb24-11b060885d8sm75470045c88.2 - gsmtp

2025-11-19T02:47:01+00:00 [L1] CLIENT -> SERVER: Date: Wed, 19 Nov 2025 02:47:00 +0000

2025-11-19T02:47:01+00:00 [L1] CLIENT -> SERVER: To: jdeng2@scu.edu

2025-11-19T02:47:01+00:00 [L1] CLIENT -> SERVER: From: Plant Diary <plantdiaryCSEN174@gmail.com>

2025-11-19T02:47:01+00:00 [L1] CLIENT -> SERVER: Subject: Plant reminder: leaf is due now

2025-11-19T02:47:01+00:00 [L1] CLIENT -> SERVER: Message-ID: <ZsgBKxmlVCLQwPpJlPzNmRfDZg1q5KWE5UpKY5DFvo@127.0.0.1>

2025-11-19T02:47:01+00:00 [L1] CLIENT -> SERVER: X-Mailer: PHPMailer 7.0.0 (https://github.com/PHPMailer/PHPMailer)

2025-11-19T02:47:01+00:00 [L1] CLIENT -> SERVER: MIME-Version: 1.0

2025-11-19T02:47:01+00:00 [L1] CLIENT -> SERVER: Content-Type: text/plain; charset=UTF-8

2025-11-19T02:47:01+00:00 [L1] CLIENT -> SERVER: Content-Transfer-Encoding: 8bit

2025-11-19T02:47:01+00:00 [L1] CLIENT -> SERVER: 

2025-11-19T02:47:01+00:00 [L1] CLIENT -> SERVER: Hi jdeng2,

2025-11-19T02:47:01+00:00 [L1] CLIENT -> SERVER: 

2025-11-19T02:47:01+00:00 [L1] CLIENT -> SERVER: This is a reminder that your plant "leaf" needs watering — is due now.

2025-11-19T02:47:01+00:00 [L1] CLIENT -> SERVER: 

2025-11-19T02:47:01+00:00 [L1] CLIENT -> SERVER: • Last care date: 2025-11-16

2025-11-19T02:47:01+00:00 [L1] CLIENT -> SERVER: • Frequency: every 1 day(s)

2025-11-19T02:47:01+00:00 [L1] CLIENT -> SERVER: 

2025-11-19T02:47:01+00:00 [L1] CLIENT -> SERVER: Please take care of your plant.

2025-11-19T02:47:01+00:00 [L1] CLIENT -> SERVER: 

2025-11-19T02:47:01+00:00 [L1] CLIENT -> SERVER: — Plant Diary

2025-11-19T02:47:01+00:00 [L1] CLIENT -> SERVER: 

2025-11-19T02:47:01+00:00 [L1] CLIENT -> SERVER: .

2025-11-19T02:47:02+00:00 [L2] SERVER -> CLIENT: 250 2.0.0 OK  1763520422 a92af1059eb24-11b060885d8sm75470045c88.2 - gsmtp

2025-11-19T02:47:02+00:00 [L1] CLIENT -> SERVER: QUIT

2025-11-19T02:47:02+00:00 [L2] SERVER -> CLIENT: 221 2.0.0 closing connection a92af1059eb24-11b060885d8sm75470045c88.2 - gsmtp

2025-11-19T02:47:57+00:00 [L2] SERVER -> CLIENT: 220 smtp.gmail.com ESMTP a92af1059eb24-11b060885eesm68028263c88.1 - gsmtp

2025-11-19T02:47:57+00:00 [L1] CLIENT -> SERVER: EHLO 127.0.0.1

2025-11-19T02:47:57+00:00 [L2] SERVER -> CLIENT: 250-smtp.gmail.com at your service, [129.210.115.230]
250-SIZE 35882577
250-8BITMIME
250-STARTTLS
250-ENHANCEDSTATUSCODES
250-PIPELINING
250-CHUNKING
250 SMTPUTF8

2025-11-19T02:47:57+00:00 [L1] CLIENT -> SERVER: STARTTLS

2025-11-19T02:47:57+00:00 [L2] SERVER -> CLIENT: 220 2.0.0 Ready to start TLS

2025-11-19T02:47:57+00:00 [L1] CLIENT -> SERVER: EHLO 127.0.0.1

2025-11-19T02:47:58+00:00 [L2] SERVER -> CLIENT: 250-smtp.gmail.com at your service, [129.210.115.230]
250-SIZE 35882577
250-8BITMIME
250-AUTH LOGIN PLAIN XOAUTH2 PLAIN-CLIENTTOKEN OAUTHBEARER XOAUTH
250-ENHANCEDSTATUSCODES
250-PIPELINING
250-CHUNKING
250 SMTPUTF8

2025-11-19T02:47:58+00:00 [L1] CLIENT -> SERVER: AUTH LOGIN

2025-11-19T02:47:58+00:00 [L2] SERVER -> CLIENT: 334 VXNlcm5hbWU6

2025-11-19T02:47:58+00:00 [L1] CLIENT -> SERVER: [credentials hidden]
2025-11-19T02:47:58+00:00 [L2] SERVER -> CLIENT: 334 UGFzc3dvcmQ6

2025-11-19T02:47:58+00:00 [L1] CLIENT -> SERVER: [credentials hidden]
2025-11-19T02:47:58+00:00 [L2] SERVER -> CLIENT: 235 2.7.0 Accepted

2025-11-19T02:47:58+00:00 [L1] CLIENT -> SERVER: MAIL FROM:<plantdiaryCSEN174@gmail.com>

2025-11-19T02:47:58+00:00 [L2] SERVER -> CLIENT: 250 2.1.0 OK a92af1059eb24-11b060885eesm68028263c88.1 - gsmtp

2025-11-19T02:47:58+00:00 [L1] CLIENT -> SERVER: RCPT TO:<jdeng2@scu.edu>

2025-11-19T02:47:58+00:00 [L2] SERVER -> CLIENT: 250 2.1.5 OK a92af1059eb24-11b060885eesm68028263c88.1 - gsmtp

2025-11-19T02:47:58+00:00 [L1] CLIENT -> SERVER: DATA

2025-11-19T02:47:58+00:00 [L2] SERVER -> CLIENT: 354 Go ahead a92af1059eb24-11b060885eesm68028263c88.1 - gsmtp

2025-11-19T02:47:58+00:00 [L1] CLIENT -> SERVER: Date: Wed, 19 Nov 2025 02:47:57 +0000

2025-11-19T02:47:58+00:00 [L1] CLIENT -> SERVER: To: jdeng2@scu.edu

2025-11-19T02:47:58+00:00 [L1] CLIENT -> SERVER: From: Plant Diary <plantdiaryCSEN174@gmail.com>

2025-11-19T02:47:58+00:00 [L1] CLIENT -> SERVER: Subject: Plant reminder: leaf is due now

2025-11-19T02:47:58+00:00 [L1] CLIENT -> SERVER: Message-ID: <7ZChHEMXBGZw4kAgJ9sB5IdLJlzUVcu43KUW8ierIY@127.0.0.1>

2025-11-19T02:47:58+00:00 [L1] CLIENT -> SERVER: X-Mailer: PHPMailer 7.0.0 (https://github.com/PHPMailer/PHPMailer)

2025-11-19T02:47:58+00:00 [L1] CLIENT -> SERVER: MIME-Version: 1.0

2025-11-19T02:47:58+00:00 [L1] CLIENT -> SERVER: Content-Type: text/plain; charset=UTF-8

2025-11-19T02:47:58+00:00 [L1] CLIENT -> SERVER: Content-Transfer-Encoding: 8bit

2025-11-19T02:47:58+00:00 [L1] CLIENT -> SERVER: 

2025-11-19T02:47:58+00:00 [L1] CLIENT -> SERVER: Hi jdeng2,

2025-11-19T02:47:58+00:00 [L1] CLIENT -> SERVER: 

2025-11-19T02:47:58+00:00 [L1] CLIENT -> SERVER: This is a reminder that your plant "leaf" needs watering — is due now.

2025-11-19T02:47:58+00:00 [L1] CLIENT -> SERVER: 

2025-11-19T02:47:58+00:00 [L1] CLIENT -> SERVER: • Last care date: 2025-11-16

2025-11-19T02:47:58+00:00 [L1] CLIENT -> SERVER: • Frequency: every 1 day(s)

2025-11-19T02:47:58+00:00 [L1] CLIENT -> SERVER: 

2025-11-19T02:47:58+00:00 [L1] CLIENT -> SERVER: Please take care of your plant.

2025-11-19T02:47:58+00:00 [L1] CLIENT -> SERVER: 

2025-11-19T02:47:58+00:00 [L1] CLIENT -> SERVER: — Plant Diary

2025-11-19T02:47:58+00:00 [L1] CLIENT -> SERVER: 

2025-11-19T02:47:58+00:00 [L1] CLIENT -> SERVER: .

2025-11-19T02:47:59+00:00 [L2] SERVER -> CLIENT: 250 2.0.0 OK  1763520479 a92af1059eb24-11b060885eesm68028263c88.1 - gsmtp

2025-11-19T02:47:59+00:00 [L1] CLIENT -> SERVER: QUIT

2025-11-19T02:47:59+00:00 [L2] SERVER -> CLIENT: 221 2.0.0 closing connection a92af1059eb24-11b060885eesm68028263c88.1 - gsmtp

2025-11-19T02:47:59+00:00 [L2] SERVER -> CLIENT: 220 smtp.gmail.com ESMTP 5a478bee46e88-2a49d9ead79sm82909423eec.1 - gsmtp

2025-11-19T02:47:59+00:00 [L1] CLIENT -> SERVER: EHLO 127.0.0.1

2025-11-19T02:47:59+00:00 [L2] SERVER -> CLIENT: 250-smtp.gmail.com at your service, [129.210.115.230]
250-SIZE 35882577
250-8BITMIME
250-STARTTLS
250-ENHANCEDSTATUSCODES
250-PIPELINING
250-CHUNKING
250 SMTPUTF8

2025-11-19T02:47:59+00:00 [L1] CLIENT -> SERVER: STARTTLS

2025-11-19T02:47:59+00:00 [L2] SERVER -> CLIENT: 220 2.0.0 Ready to start TLS

2025-11-19T02:47:59+00:00 [L1] CLIENT -> SERVER: EHLO 127.0.0.1

2025-11-19T02:47:59+00:00 [L2] SERVER -> CLIENT: 250-smtp.gmail.com at your service, [129.210.115.230]
250-SIZE 35882577
250-8BITMIME
250-AUTH LOGIN PLAIN XOAUTH2 PLAIN-CLIENTTOKEN OAUTHBEARER XOAUTH
250-ENHANCEDSTATUSCODES
250-PIPELINING
250-CHUNKING
250 SMTPUTF8

2025-11-19T02:47:59+00:00 [L1] CLIENT -> SERVER: AUTH LOGIN

2025-11-19T02:47:59+00:00 [L2] SERVER -> CLIENT: 334 VXNlcm5hbWU6

2025-11-19T02:47:59+00:00 [L1] CLIENT -> SERVER: [credentials hidden]
2025-11-19T02:47:59+00:00 [L2] SERVER -> CLIENT: 334 UGFzc3dvcmQ6

2025-11-19T02:47:59+00:00 [L1] CLIENT -> SERVER: [credentials hidden]
2025-11-19T02:47:59+00:00 [L2] SERVER -> CLIENT: 235 2.7.0 Accepted

2025-11-19T02:47:59+00:00 [L1] CLIENT -> SERVER: MAIL FROM:<plantdiaryCSEN174@gmail.com>

2025-11-19T02:47:59+00:00 [L2] SERVER -> CLIENT: 250 2.1.0 OK 5a478bee46e88-2a49d9ead79sm82909423eec.1 - gsmtp

2025-11-19T02:47:59+00:00 [L1] CLIENT -> SERVER: RCPT TO:<jdeng2@scu.edu>

2025-11-19T02:47:59+00:00 [L2] SERVER -> CLIENT: 250 2.1.5 OK 5a478bee46e88-2a49d9ead79sm82909423eec.1 - gsmtp

2025-11-19T02:47:59+00:00 [L1] CLIENT -> SERVER: DATA

2025-11-19T02:47:59+00:00 [L2] SERVER -> CLIENT: 354 Go ahead 5a478bee46e88-2a49d9ead79sm82909423eec.1 - gsmtp

2025-11-19T02:47:59+00:00 [L1] CLIENT -> SERVER: Date: Wed, 19 Nov 2025 02:47:59 +0000

2025-11-19T02:47:59+00:00 [L1] CLIENT -> SERVER: To: jdeng2@scu.edu

2025-11-19T02:47:59+00:00 [L1] CLIENT -> SERVER: From: Plant Diary <plantdiaryCSEN174@gmail.com>

2025-11-19T02:47:59+00:00 [L1] CLIENT -> SERVER: Subject: Plant reminder: leaf is due now

2025-11-19T02:47:59+00:00 [L1] CLIENT -> SERVER: Message-ID: <afj5wHmKozhfUP2wnDLUlodO4pGuJhOccPEi0nRbfjw@127.0.0.1>

2025-11-19T02:47:59+00:00 [L1] CLIENT -> SERVER: X-Mailer: PHPMailer 7.0.0 (https://github.com/PHPMailer/PHPMailer)

2025-11-19T02:47:59+00:00 [L1] CLIENT -> SERVER: MIME-Version: 1.0

2025-11-19T02:47:59+00:00 [L1] CLIENT -> SERVER: Content-Type: text/plain; charset=UTF-8

2025-11-19T02:47:59+00:00 [L1] CLIENT -> SERVER: Content-Transfer-Encoding: 8bit

2025-11-19T02:47:59+00:00 [L1] CLIENT -> SERVER: 

2025-11-19T02:47:59+00:00 [L1] CLIENT -> SERVER: Hi jdeng2,

2025-11-19T02:47:59+00:00 [L1] CLIENT -> SERVER: 

2025-11-19T02:47:59+00:00 [L1] CLIENT -> SERVER: This is a reminder that your plant "leaf" needs watering — is due now.

2025-11-19T02:47:59+00:00 [L1] CLIENT -> SERVER: 

2025-11-19T02:47:59+00:00 [L1] CLIENT -> SERVER: • Last care date: 2025-11-16

2025-11-19T02:47:59+00:00 [L1] CLIENT -> SERVER: • Frequency: every 1 day(s)

2025-11-19T02:47:59+00:00 [L1] CLIENT -> SERVER: 

2025-11-19T02:47:59+00:00 [L1] CLIENT -> SERVER: Please take care of your plant.

2025-11-19T02:47:59+00:00 [L1] CLIENT -> SERVER: 

2025-11-19T02:47:59+00:00 [L1] CLIENT -> SERVER: — Plant Diary

2025-11-19T02:47:59+00:00 [L1] CLIENT -> SERVER: 

2025-11-19T02:47:59+00:00 [L1] CLIENT -> SERVER: .

2025-11-19T02:48:00+00:00 [L2] SERVER -> CLIENT: 250 2.0.0 OK  1763520480 5a478bee46e88-2a49d9ead79sm82909423eec.1 - gsmtp

2025-11-19T02:48:00+00:00 [L1] CLIENT -> SERVER: QUIT

2025-11-19T02:48:00+00:00 [L2] SERVER -> CLIENT: 221 2.0.0 closing connection 5a478bee46e88-2a49d9ead79sm82909423eec.1 - gsmtp

2025-11-19T02:48:06+00:00 [L2] SERVER -> CLIENT: 220 smtp.gmail.com ESMTP 5a478bee46e88-2a49db7a753sm65231009eec.6 - gsmtp

2025-11-19T02:48:06+00:00 [L1] CLIENT -> SERVER: EHLO 127.0.0.1

2025-11-19T02:48:06+00:00 [L2] SERVER -> CLIENT: 250-smtp.gmail.com at your service, [129.210.115.230]
250-SIZE 35882577
250-8BITMIME
250-STARTTLS
250-ENHANCEDSTATUSCODES
250-PIPELINING
250-CHUNKING
250 SMTPUTF8

2025-11-19T02:48:06+00:00 [L1] CLIENT -> SERVER: STARTTLS

2025-11-19T02:48:06+00:00 [L2] SERVER -> CLIENT: 220 2.0.0 Ready to start TLS

2025-11-19T02:48:06+00:00 [L1] CLIENT -> SERVER: EHLO 127.0.0.1

2025-11-19T02:48:06+00:00 [L2] SERVER -> CLIENT: 250-smtp.gmail.com at your service, [129.210.115.230]
250-SIZE 35882577
250-8BITMIME
250-AUTH LOGIN PLAIN XOAUTH2 PLAIN-CLIENTTOKEN OAUTHBEARER XOAUTH
250-ENHANCEDSTATUSCODES
250-PIPELINING
250-CHUNKING
250 SMTPUTF8

2025-11-19T02:48:06+00:00 [L1] CLIENT -> SERVER: AUTH LOGIN

2025-11-19T02:48:06+00:00 [L2] SERVER -> CLIENT: 334 VXNlcm5hbWU6

2025-11-19T02:48:06+00:00 [L1] CLIENT -> SERVER: [credentials hidden]
2025-11-19T02:48:06+00:00 [L2] SERVER -> CLIENT: 334 UGFzc3dvcmQ6

2025-11-19T02:48:06+00:00 [L1] CLIENT -> SERVER: [credentials hidden]
2025-11-19T02:48:06+00:00 [L2] SERVER -> CLIENT: 235 2.7.0 Accepted

2025-11-19T02:48:06+00:00 [L1] CLIENT -> SERVER: MAIL FROM:<plantdiaryCSEN174@gmail.com>

2025-11-19T02:48:06+00:00 [L2] SERVER -> CLIENT: 250 2.1.0 OK 5a478bee46e88-2a49db7a753sm65231009eec.6 - gsmtp

2025-11-19T02:48:06+00:00 [L1] CLIENT -> SERVER: RCPT TO:<jdeng2@scu.edu>

2025-11-19T02:48:06+00:00 [L2] SERVER -> CLIENT: 250 2.1.5 OK 5a478bee46e88-2a49db7a753sm65231009eec.6 - gsmtp

2025-11-19T02:48:06+00:00 [L1] CLIENT -> SERVER: DATA

2025-11-19T02:48:06+00:00 [L2] SERVER -> CLIENT: 354 Go ahead 5a478bee46e88-2a49db7a753sm65231009eec.6 - gsmtp

2025-11-19T02:48:06+00:00 [L1] CLIENT -> SERVER: Date: Wed, 19 Nov 2025 02:48:06 +0000

2025-11-19T02:48:06+00:00 [L1] CLIENT -> SERVER: To: jdeng2@scu.edu

2025-11-19T02:48:06+00:00 [L1] CLIENT -> SERVER: From: Plant Diary <plantdiaryCSEN174@gmail.com>

2025-11-19T02:48:06+00:00 [L1] CLIENT -> SERVER: Subject: Plant reminder: leaf is due now

2025-11-19T02:48:06+00:00 [L1] CLIENT -> SERVER: Message-ID: <N0BMNVRQhg1grQBgMNeJWH6dgcoIgxWrtbfZCFuUGek@127.0.0.1>

2025-11-19T02:48:06+00:00 [L1] CLIENT -> SERVER: X-Mailer: PHPMailer 7.0.0 (https://github.com/PHPMailer/PHPMailer)

2025-11-19T02:48:06+00:00 [L1] CLIENT -> SERVER: MIME-Version: 1.0

2025-11-19T02:48:06+00:00 [L1] CLIENT -> SERVER: Content-Type: text/plain; charset=UTF-8

2025-11-19T02:48:06+00:00 [L1] CLIENT -> SERVER: Content-Transfer-Encoding: 8bit

2025-11-19T02:48:06+00:00 [L1] CLIENT -> SERVER: 

2025-11-19T02:48:06+00:00 [L1] CLIENT -> SERVER: Hi jdeng2,

2025-11-19T02:48:06+00:00 [L1] CLIENT -> SERVER: 

2025-11-19T02:48:06+00:00 [L1] CLIENT -> SERVER: This is a reminder that your plant "leaf" needs watering — is due now.

2025-11-19T02:48:06+00:00 [L1] CLIENT -> SERVER: 

2025-11-19T02:48:06+00:00 [L1] CLIENT -> SERVER: • Last care date: 2025-11-16

2025-11-19T02:48:06+00:00 [L1] CLIENT -> SERVER: • Frequency: every 1 day(s)

2025-11-19T02:48:06+00:00 [L1] CLIENT -> SERVER: 

2025-11-19T02:48:06+00:00 [L1] CLIENT -> SERVER: Please take care of your plant.

2025-11-19T02:48:06+00:00 [L1] CLIENT -> SERVER: 

2025-11-19T02:48:06+00:00 [L1] CLIENT -> SERVER: — Plant Diary

2025-11-19T02:48:06+00:00 [L1] CLIENT -> SERVER: 

2025-11-19T02:48:06+00:00 [L1] CLIENT -> SERVER: .

2025-11-19T02:48:07+00:00 [L2] SERVER -> CLIENT: 250 2.0.0 OK  1763520487 5a478bee46e88-2a49db7a753sm65231009eec.6 - gsmtp

2025-11-19T02:48:07+00:00 [L1] CLIENT -> SERVER: QUIT

2025-11-19T02:48:07+00:00 [L2] SERVER -> CLIENT: 221 2.0.0 closing connection 5a478bee46e88-2a49db7a753sm65231009eec.6 - gsmtp

2025-11-19T02:48:52+00:00 [L2] SERVER -> CLIENT: 220 smtp.gmail.com ESMTP 5a478bee46e88-2a49d9ead79sm82917501eec.1 - gsmtp

2025-11-19T02:48:52+00:00 [L1] CLIENT -> SERVER: EHLO 127.0.0.1

2025-11-19T02:48:52+00:00 [L2] SERVER -> CLIENT: 250-smtp.gmail.com at your service, [129.210.115.230]
250-SIZE 35882577
250-8BITMIME
250-STARTTLS
250-ENHANCEDSTATUSCODES
250-PIPELINING
250-CHUNKING
250 SMTPUTF8

2025-11-19T02:48:52+00:00 [L1] CLIENT -> SERVER: STARTTLS

2025-11-19T02:48:52+00:00 [L2] SERVER -> CLIENT: 220 2.0.0 Ready to start TLS

2025-11-19T02:48:52+00:00 [L1] CLIENT -> SERVER: EHLO 127.0.0.1

2025-11-19T02:48:52+00:00 [L2] SERVER -> CLIENT: 250-smtp.gmail.com at your service, [129.210.115.230]
250-SIZE 35882577
250-8BITMIME
250-AUTH LOGIN PLAIN XOAUTH2 PLAIN-CLIENTTOKEN OAUTHBEARER XOAUTH
250-ENHANCEDSTATUSCODES
250-PIPELINING
250-CHUNKING
250 SMTPUTF8

2025-11-19T02:48:52+00:00 [L1] CLIENT -> SERVER: AUTH LOGIN

2025-11-19T02:48:52+00:00 [L2] SERVER -> CLIENT: 334 VXNlcm5hbWU6

2025-11-19T02:48:52+00:00 [L1] CLIENT -> SERVER: [credentials hidden]
2025-11-19T02:48:52+00:00 [L2] SERVER -> CLIENT: 334 UGFzc3dvcmQ6

2025-11-19T02:48:52+00:00 [L1] CLIENT -> SERVER: [credentials hidden]
2025-11-19T02:48:52+00:00 [L2] SERVER -> CLIENT: 235 2.7.0 Accepted

2025-11-19T02:48:52+00:00 [L1] CLIENT -> SERVER: MAIL FROM:<plantdiaryCSEN174@gmail.com>

2025-11-19T02:48:52+00:00 [L2] SERVER -> CLIENT: 250 2.1.0 OK 5a478bee46e88-2a49d9ead79sm82917501eec.1 - gsmtp

2025-11-19T02:48:52+00:00 [L1] CLIENT -> SERVER: RCPT TO:<jdeng2@scu.edu>

2025-11-19T02:48:52+00:00 [L2] SERVER -> CLIENT: 250 2.1.5 OK 5a478bee46e88-2a49d9ead79sm82917501eec.1 - gsmtp

2025-11-19T02:48:52+00:00 [L1] CLIENT -> SERVER: DATA

2025-11-19T02:48:53+00:00 [L2] SERVER -> CLIENT: 354 Go ahead 5a478bee46e88-2a49d9ead79sm82917501eec.1 - gsmtp

2025-11-19T02:48:53+00:00 [L1] CLIENT -> SERVER: Date: Wed, 19 Nov 2025 02:48:52 +0000

2025-11-19T02:48:53+00:00 [L1] CLIENT -> SERVER: To: jdeng2@scu.edu

2025-11-19T02:48:53+00:00 [L1] CLIENT -> SERVER: From: Plant Diary <plantdiaryCSEN174@gmail.com>

2025-11-19T02:48:53+00:00 [L1] CLIENT -> SERVER: Subject: Plant reminder: leaf is due now

2025-11-19T02:48:53+00:00 [L1] CLIENT -> SERVER: Message-ID: <4vgYwruxhKVPlx419JRlX9I1ZK1Y8mzq5pOQDGAjo@127.0.0.1>

2025-11-19T02:48:53+00:00 [L1] CLIENT -> SERVER: X-Mailer: PHPMailer 7.0.0 (https://github.com/PHPMailer/PHPMailer)

2025-11-19T02:48:53+00:00 [L1] CLIENT -> SERVER: MIME-Version: 1.0

2025-11-19T02:48:53+00:00 [L1] CLIENT -> SERVER: Content-Type: text/plain; charset=UTF-8

2025-11-19T02:48:53+00:00 [L1] CLIENT -> SERVER: Content-Transfer-Encoding: 8bit

2025-11-19T02:48:53+00:00 [L1] CLIENT -> SERVER: 

2025-11-19T02:48:53+00:00 [L1] CLIENT -> SERVER: Hi jdeng2,

2025-11-19T02:48:53+00:00 [L1] CLIENT -> SERVER: 

2025-11-19T02:48:53+00:00 [L1] CLIENT -> SERVER: This is a reminder that your plant "leaf" needs watering — is due now.

2025-11-19T02:48:53+00:00 [L1] CLIENT -> SERVER: 

2025-11-19T02:48:53+00:00 [L1] CLIENT -> SERVER: • Last care date: 2025-11-16

2025-11-19T02:48:53+00:00 [L1] CLIENT -> SERVER: • Frequency: every 1 day(s)

2025-11-19T02:48:53+00:00 [L1] CLIENT -> SERVER: 

2025-11-19T02:48:53+00:00 [L1] CLIENT -> SERVER: Please take care of your plant.

2025-11-19T02:48:53+00:00 [L1] CLIENT -> SERVER: 

2025-11-19T02:48:53+00:00 [L1] CLIENT -> SERVER: — Plant Diary

2025-11-19T02:48:53+00:00 [L1] CLIENT -> SERVER: 

2025-11-19T02:48:53+00:00 [L1] CLIENT -> SERVER: .

2025-11-19T02:48:53+00:00 [L2] SERVER -> CLIENT: 250 2.0.0 OK  1763520533 5a478bee46e88-2a49d9ead79sm82917501eec.1 - gsmtp

2025-11-19T02:48:53+00:00 [L1] CLIENT -> SERVER: QUIT

2025-11-19T02:48:53+00:00 [L2] SERVER -> CLIENT: 221 2.0.0 closing connection 5a478bee46e88-2a49d9ead79sm82917501eec.1 - gsmtp

2025-11-19T02:48:53+00:00 [L2] SERVER -> CLIENT: 220 smtp.gmail.com ESMTP a92af1059eb24-11b06088604sm69190503c88.7 - gsmtp

2025-11-19T02:48:53+00:00 [L1] CLIENT -> SERVER: EHLO 127.0.0.1

2025-11-19T02:48:53+00:00 [L2] SERVER -> CLIENT: 250-smtp.gmail.com at your service, [129.210.115.230]
250-SIZE 35882577
250-8BITMIME
250-STARTTLS
250-ENHANCEDSTATUSCODES
250-PIPELINING
250-CHUNKING
250 SMTPUTF8

2025-11-19T02:48:53+00:00 [L1] CLIENT -> SERVER: STARTTLS

2025-11-19T02:48:53+00:00 [L2] SERVER -> CLIENT: 220 2.0.0 Ready to start TLS

2025-11-19T02:48:54+00:00 [L1] CLIENT -> SERVER: EHLO 127.0.0.1

2025-11-19T02:48:54+00:00 [L2] SERVER -> CLIENT: 250-smtp.gmail.com at your service, [129.210.115.230]
250-SIZE 35882577
250-8BITMIME
250-AUTH LOGIN PLAIN XOAUTH2 PLAIN-CLIENTTOKEN OAUTHBEARER XOAUTH
250-ENHANCEDSTATUSCODES
250-PIPELINING
250-CHUNKING
250 SMTPUTF8

2025-11-19T02:48:54+00:00 [L1] CLIENT -> SERVER: AUTH LOGIN

2025-11-19T02:48:54+00:00 [L2] SERVER -> CLIENT: 334 VXNlcm5hbWU6

2025-11-19T02:48:54+00:00 [L1] CLIENT -> SERVER: [credentials hidden]
2025-11-19T02:48:54+00:00 [L2] SERVER -> CLIENT: 334 UGFzc3dvcmQ6

2025-11-19T02:48:54+00:00 [L1] CLIENT -> SERVER: [credentials hidden]
2025-11-19T02:48:54+00:00 [L2] SERVER -> CLIENT: 235 2.7.0 Accepted

2025-11-19T02:48:54+00:00 [L1] CLIENT -> SERVER: MAIL FROM:<plantdiaryCSEN174@gmail.com>

2025-11-19T02:48:54+00:00 [L2] SERVER -> CLIENT: 250 2.1.0 OK a92af1059eb24-11b06088604sm69190503c88.7 - gsmtp

2025-11-19T02:48:54+00:00 [L1] CLIENT -> SERVER: RCPT TO:<jdeng2@scu.edu>

2025-11-19T02:48:54+00:00 [L2] SERVER -> CLIENT: 250 2.1.5 OK a92af1059eb24-11b06088604sm69190503c88.7 - gsmtp

2025-11-19T02:48:54+00:00 [L1] CLIENT -> SERVER: DATA

2025-11-19T02:48:54+00:00 [L2] SERVER -> CLIENT: 354 Go ahead a92af1059eb24-11b06088604sm69190503c88.7 - gsmtp

2025-11-19T02:48:54+00:00 [L1] CLIENT -> SERVER: Date: Wed, 19 Nov 2025 02:48:53 +0000

2025-11-19T02:48:54+00:00 [L1] CLIENT -> SERVER: To: jdeng2@scu.edu

2025-11-19T02:48:54+00:00 [L1] CLIENT -> SERVER: From: Plant Diary <plantdiaryCSEN174@gmail.com>

2025-11-19T02:48:54+00:00 [L1] CLIENT -> SERVER: Subject: Plant reminder: flower is due now

2025-11-19T02:48:54+00:00 [L1] CLIENT -> SERVER: Message-ID: <05hfaYR9ZakSUOXynZOwLLB057Yoz9hHpDmCvdqQ@127.0.0.1>

2025-11-19T02:48:54+00:00 [L1] CLIENT -> SERVER: X-Mailer: PHPMailer 7.0.0 (https://github.com/PHPMailer/PHPMailer)

2025-11-19T02:48:54+00:00 [L1] CLIENT -> SERVER: MIME-Version: 1.0

2025-11-19T02:48:54+00:00 [L1] CLIENT -> SERVER: Content-Type: text/plain; charset=UTF-8

2025-11-19T02:48:54+00:00 [L1] CLIENT -> SERVER: Content-Transfer-Encoding: 8bit

2025-11-19T02:48:54+00:00 [L1] CLIENT -> SERVER: 

2025-11-19T02:48:54+00:00 [L1] CLIENT -> SERVER: Hi jdeng2,

2025-11-19T02:48:54+00:00 [L1] CLIENT -> SERVER: 

2025-11-19T02:48:54+00:00 [L1] CLIENT -> SERVER: This is a reminder that your plant "flower" needs fertilizing — is due now.

2025-11-19T02:48:54+00:00 [L1] CLIENT -> SERVER: 

2025-11-19T02:48:54+00:00 [L1] CLIENT -> SERVER: • Last care date: 2025-11-18

2025-11-19T02:48:54+00:00 [L1] CLIENT -> SERVER: • Frequency: every 1 day(s)

2025-11-19T02:48:54+00:00 [L1] CLIENT -> SERVER: 

2025-11-19T02:48:54+00:00 [L1] CLIENT -> SERVER: Please take care of your plant.

2025-11-19T02:48:54+00:00 [L1] CLIENT -> SERVER: 

2025-11-19T02:48:54+00:00 [L1] CLIENT -> SERVER: — Plant Diary

2025-11-19T02:48:54+00:00 [L1] CLIENT -> SERVER: 

2025-11-19T02:48:54+00:00 [L1] CLIENT -> SERVER: .

2025-11-19T02:48:55+00:00 [L2] SERVER -> CLIENT: 250 2.0.0 OK  1763520535 a92af1059eb24-11b06088604sm69190503c88.7 - gsmtp

2025-11-19T02:48:55+00:00 [L1] CLIENT -> SERVER: QUIT

2025-11-19T02:48:55+00:00 [L2] SERVER -> CLIENT: 221 2.0.0 closing connection a92af1059eb24-11b06088604sm69190503c88.7 - gsmtp

2025-11-19T23:18:07+00:00 [L2] SERVER -> CLIENT: 220 smtp.gmail.com ESMTP a92af1059eb24-11c93e5674csm2801963c88.8 - gsmtp

2025-11-19T23:18:07+00:00 [L1] CLIENT -> SERVER: EHLO 127.0.0.1

2025-11-19T23:18:07+00:00 [L2] SERVER -> CLIENT: 250-smtp.gmail.com at your service, [129.210.115.230]
250-SIZE 35882577
250-8BITMIME
250-STARTTLS
250-ENHANCEDSTATUSCODES
250-PIPELINING
250-CHUNKING
250 SMTPUTF8

2025-11-19T23:18:07+00:00 [L1] CLIENT -> SERVER: STARTTLS

2025-11-19T23:18:07+00:00 [L2] SERVER -> CLIENT: 220 2.0.0 Ready to start TLS

2025-11-19T23:18:07+00:00 [L1] CLIENT -> SERVER: EHLO 127.0.0.1

2025-11-19T23:18:07+00:00 [L2] SERVER -> CLIENT: 250-smtp.gmail.com at your service, [129.210.115.230]
250-SIZE 35882577
250-8BITMIME
250-AUTH LOGIN PLAIN XOAUTH2 PLAIN-CLIENTTOKEN OAUTHBEARER XOAUTH
250-ENHANCEDSTATUSCODES
250-PIPELINING
250-CHUNKING
250 SMTPUTF8

2025-11-19T23:18:07+00:00 [L1] CLIENT -> SERVER: AUTH LOGIN

2025-11-19T23:18:07+00:00 [L2] SERVER -> CLIENT: 334 VXNlcm5hbWU6

2025-11-19T23:18:07+00:00 [L1] CLIENT -> SERVER: [credentials hidden]
2025-11-19T23:18:07+00:00 [L2] SERVER -> CLIENT: 334 UGFzc3dvcmQ6

2025-11-19T23:18:07+00:00 [L1] CLIENT -> SERVER: [credentials hidden]
2025-11-19T23:18:07+00:00 [L2] SERVER -> CLIENT: 235 2.7.0 Accepted

2025-11-19T23:18:07+00:00 [L1] CLIENT -> SERVER: MAIL FROM:<plantdiaryCSEN174@gmail.com>

2025-11-19T23:18:07+00:00 [L2] SERVER -> CLIENT: 250 2.1.0 OK a92af1059eb24-11c93e5674csm2801963c88.8 - gsmtp

2025-11-19T23:18:07+00:00 [L1] CLIENT -> SERVER: RCPT TO:<jdeng2@scu.edu>

2025-11-19T23:18:07+00:00 [L2] SERVER -> CLIENT: 250 2.1.5 OK a92af1059eb24-11c93e5674csm2801963c88.8 - gsmtp

2025-11-19T23:18:07+00:00 [L1] CLIENT -> SERVER: DATA

2025-11-19T23:18:07+00:00 [L2] SERVER -> CLIENT: 354 Go ahead a92af1059eb24-11c93e5674csm2801963c88.8 - gsmtp

2025-11-19T23:18:07+00:00 [L1] CLIENT -> SERVER: Date: Wed, 19 Nov 2025 23:18:06 +0000

2025-11-19T23:18:07+00:00 [L1] CLIENT -> SERVER: To: jdeng2@scu.edu

2025-11-19T23:18:07+00:00 [L1] CLIENT -> SERVER: From: Plant Diary <plantdiaryCSEN174@gmail.com>

2025-11-19T23:18:07+00:00 [L1] CLIENT -> SERVER: Subject: Plant reminder: leaf is due now

2025-11-19T23:18:07+00:00 [L1] CLIENT -> SERVER: Message-ID: <OXHM06rw6hZTRlIHmsl2st1WXs6fQzLmascKylYZw@127.0.0.1>

2025-11-19T23:18:07+00:00 [L1] CLIENT -> SERVER: X-Mailer: PHPMailer 7.0.0 (https://github.com/PHPMailer/PHPMailer)

2025-11-19T23:18:07+00:00 [L1] CLIENT -> SERVER: MIME-Version: 1.0

2025-11-19T23:18:07+00:00 [L1] CLIENT -> SERVER: Content-Type: text/plain; charset=UTF-8

2025-11-19T23:18:07+00:00 [L1] CLIENT -> SERVER: Content-Transfer-Encoding: 8bit

2025-11-19T23:18:07+00:00 [L1] CLIENT -> SERVER: 

2025-11-19T23:18:07+00:00 [L1] CLIENT -> SERVER: Hi jdeng2,

2025-11-19T23:18:07+00:00 [L1] CLIENT -> SERVER: 

2025-11-19T23:18:07+00:00 [L1] CLIENT -> SERVER: This is a reminder that your plant "leaf" needs watering — is due now.

2025-11-19T23:18:07+00:00 [L1] CLIENT -> SERVER: 

2025-11-19T23:18:07+00:00 [L1] CLIENT -> SERVER: • Last care date: 2025-11-16

2025-11-19T23:18:07+00:00 [L1] CLIENT -> SERVER: • Frequency: every 1 day(s)

2025-11-19T23:18:07+00:00 [L1] CLIENT -> SERVER: 

2025-11-19T23:18:07+00:00 [L1] CLIENT -> SERVER: Please take care of your plant.

2025-11-19T23:18:07+00:00 [L1] CLIENT -> SERVER: 

2025-11-19T23:18:07+00:00 [L1] CLIENT -> SERVER: — Plant Diary

2025-11-19T23:18:07+00:00 [L1] CLIENT -> SERVER: 

2025-11-19T23:18:07+00:00 [L1] CLIENT -> SERVER: .

2025-11-19T23:18:08+00:00 [L2] SERVER -> CLIENT: 250 2.0.0 OK  1763594288 a92af1059eb24-11c93e5674csm2801963c88.8 - gsmtp

2025-11-19T23:18:08+00:00 [L1] CLIENT -> SERVER: QUIT

2025-11-19T23:18:08+00:00 [L2] SERVER -> CLIENT: 221 2.0.0 closing connection a92af1059eb24-11c93e5674csm2801963c88.8 - gsmtp

2025-11-19T23:18:08+00:00 [L2] SERVER -> CLIENT: 220 smtp.gmail.com ESMTP 5a478bee46e88-2a6fc38a66bsm2775577eec.1 - gsmtp

2025-11-19T23:18:08+00:00 [L1] CLIENT -> SERVER: EHLO 127.0.0.1

2025-11-19T23:18:08+00:00 [L2] SERVER -> CLIENT: 250-smtp.gmail.com at your service, [129.210.115.230]
250-SIZE 35882577
250-8BITMIME
250-STARTTLS
250-ENHANCEDSTATUSCODES
250-PIPELINING
250-CHUNKING
250 SMTPUTF8

2025-11-19T23:18:08+00:00 [L1] CLIENT -> SERVER: STARTTLS

2025-11-19T23:18:08+00:00 [L2] SERVER -> CLIENT: 220 2.0.0 Ready to start TLS

2025-11-19T23:18:09+00:00 [L1] CLIENT -> SERVER: EHLO 127.0.0.1

2025-11-19T23:18:09+00:00 [L2] SERVER -> CLIENT: 250-smtp.gmail.com at your service, [129.210.115.230]
250-SIZE 35882577
250-8BITMIME
250-AUTH LOGIN PLAIN XOAUTH2 PLAIN-CLIENTTOKEN OAUTHBEARER XOAUTH
250-ENHANCEDSTATUSCODES
250-PIPELINING
250-CHUNKING
250 SMTPUTF8

2025-11-19T23:18:09+00:00 [L1] CLIENT -> SERVER: AUTH LOGIN

2025-11-19T23:18:09+00:00 [L2] SERVER -> CLIENT: 334 VXNlcm5hbWU6

2025-11-19T23:18:09+00:00 [L1] CLIENT -> SERVER: [credentials hidden]
2025-11-19T23:18:09+00:00 [L2] SERVER -> CLIENT: 334 UGFzc3dvcmQ6

2025-11-19T23:18:09+00:00 [L1] CLIENT -> SERVER: [credentials hidden]
2025-11-19T23:18:09+00:00 [L2] SERVER -> CLIENT: 235 2.7.0 Accepted

2025-11-19T23:18:09+00:00 [L1] CLIENT -> SERVER: MAIL FROM:<plantdiaryCSEN174@gmail.com>

2025-11-19T23:18:09+00:00 [L2] SERVER -> CLIENT: 250 2.1.0 OK 5a478bee46e88-2a6fc38a66bsm2775577eec.1 - gsmtp

2025-11-19T23:18:09+00:00 [L1] CLIENT -> SERVER: RCPT TO:<jdeng2@scu.edu>

2025-11-19T23:18:09+00:00 [L2] SERVER -> CLIENT: 250 2.1.5 OK 5a478bee46e88-2a6fc38a66bsm2775577eec.1 - gsmtp

2025-11-19T23:18:09+00:00 [L1] CLIENT -> SERVER: DATA

2025-11-19T23:18:09+00:00 [L2] SERVER -> CLIENT: 354 Go ahead 5a478bee46e88-2a6fc38a66bsm2775577eec.1 - gsmtp

2025-11-19T23:18:09+00:00 [L1] CLIENT -> SERVER: Date: Wed, 19 Nov 2025 23:18:08 +0000

2025-11-19T23:18:09+00:00 [L1] CLIENT -> SERVER: To: jdeng2@scu.edu

2025-11-19T23:18:09+00:00 [L1] CLIENT -> SERVER: From: Plant Diary <plantdiaryCSEN174@gmail.com>

2025-11-19T23:18:09+00:00 [L1] CLIENT -> SERVER: Subject: Plant reminder: flower is due now

2025-11-19T23:18:09+00:00 [L1] CLIENT -> SERVER: Message-ID: <3Ia6p06kQMjOy3UhOOdDmD3u2LY3fhZIVtVqtFngg@127.0.0.1>

2025-11-19T23:18:09+00:00 [L1] CLIENT -> SERVER: X-Mailer: PHPMailer 7.0.0 (https://github.com/PHPMailer/PHPMailer)

2025-11-19T23:18:09+00:00 [L1] CLIENT -> SERVER: MIME-Version: 1.0

2025-11-19T23:18:09+00:00 [L1] CLIENT -> SERVER: Content-Type: text/plain; charset=UTF-8

2025-11-19T23:18:09+00:00 [L1] CLIENT -> SERVER: Content-Transfer-Encoding: 8bit

2025-11-19T23:18:09+00:00 [L1] CLIENT -> SERVER: 

2025-11-19T23:18:09+00:00 [L1] CLIENT -> SERVER: Hi jdeng2,

2025-11-19T23:18:09+00:00 [L1] CLIENT -> SERVER: 

2025-11-19T23:18:09+00:00 [L1] CLIENT -> SERVER: This is a reminder that your plant "flower" needs fertilizing — is due now.

2025-11-19T23:18:09+00:00 [L1] CLIENT -> SERVER: 

2025-11-19T23:18:09+00:00 [L1] CLIENT -> SERVER: • Last care date: 2025-11-18

2025-11-19T23:18:09+00:00 [L1] CLIENT -> SERVER: • Frequency: every 1 day(s)

2025-11-19T23:18:09+00:00 [L1] CLIENT -> SERVER: 

2025-11-19T23:18:09+00:00 [L1] CLIENT -> SERVER: Please take care of your plant.

2025-11-19T23:18:09+00:00 [L1] CLIENT -> SERVER: 

2025-11-19T23:18:09+00:00 [L1] CLIENT -> SERVER: — Plant Diary

2025-11-19T23:18:09+00:00 [L1] CLIENT -> SERVER: 

2025-11-19T23:18:09+00:00 [L1] CLIENT -> SERVER: .

2025-11-19T23:18:10+00:00 [L2] SERVER -> CLIENT: 250 2.0.0 OK  1763594290 5a478bee46e88-2a6fc38a66bsm2775577eec.1 - gsmtp

2025-11-19T23:18:10+00:00 [L1] CLIENT -> SERVER: QUIT

2025-11-19T23:18:10+00:00 [L2] SERVER -> CLIENT: 221 2.0.0 closing connection 5a478bee46e88-2a6fc38a66bsm2775577eec.1 - gsmtp

2025-11-19T23:21:39+00:00 [L2] SERVER -> CLIENT: 220 smtp.gmail.com ESMTP 5a478bee46e88-2a6fc204881sm3100964eec.0 - gsmtp

2025-11-19T23:21:39+00:00 [L1] CLIENT -> SERVER: EHLO 127.0.0.1

2025-11-19T23:21:40+00:00 [L2] SERVER -> CLIENT: 250-smtp.gmail.com at your service, [129.210.115.230]
250-SIZE 35882577
250-8BITMIME
250-STARTTLS
250-ENHANCEDSTATUSCODES
250-PIPELINING
250-CHUNKING
250 SMTPUTF8

2025-11-19T23:21:40+00:00 [L1] CLIENT -> SERVER: STARTTLS

2025-11-19T23:21:40+00:00 [L2] SERVER -> CLIENT: 220 2.0.0 Ready to start TLS

2025-11-19T23:21:40+00:00 [L1] CLIENT -> SERVER: EHLO 127.0.0.1

2025-11-19T23:21:40+00:00 [L2] SERVER -> CLIENT: 250-smtp.gmail.com at your service, [129.210.115.230]
250-SIZE 35882577
250-8BITMIME
250-AUTH LOGIN PLAIN XOAUTH2 PLAIN-CLIENTTOKEN OAUTHBEARER XOAUTH
250-ENHANCEDSTATUSCODES
250-PIPELINING
250-CHUNKING
250 SMTPUTF8

2025-11-19T23:21:40+00:00 [L1] CLIENT -> SERVER: AUTH LOGIN

2025-11-19T23:21:40+00:00 [L2] SERVER -> CLIENT: 334 VXNlcm5hbWU6

2025-11-19T23:21:40+00:00 [L1] CLIENT -> SERVER: [credentials hidden]
2025-11-19T23:21:40+00:00 [L2] SERVER -> CLIENT: 334 UGFzc3dvcmQ6

2025-11-19T23:21:40+00:00 [L1] CLIENT -> SERVER: [credentials hidden]
2025-11-19T23:21:40+00:00 [L2] SERVER -> CLIENT: 235 2.7.0 Accepted

2025-11-19T23:21:40+00:00 [L1] CLIENT -> SERVER: MAIL FROM:<plantdiaryCSEN174@gmail.com>

2025-11-19T23:21:40+00:00 [L2] SERVER -> CLIENT: 250 2.1.0 OK 5a478bee46e88-2a6fc204881sm3100964eec.0 - gsmtp

2025-11-19T23:21:40+00:00 [L1] CLIENT -> SERVER: RCPT TO:<jdeng2@scu.edu>

2025-11-19T23:21:40+00:00 [L2] SERVER -> CLIENT: 250 2.1.5 OK 5a478bee46e88-2a6fc204881sm3100964eec.0 - gsmtp

2025-11-19T23:21:40+00:00 [L1] CLIENT -> SERVER: DATA

2025-11-19T23:21:40+00:00 [L2] SERVER -> CLIENT: 354 Go ahead 5a478bee46e88-2a6fc204881sm3100964eec.0 - gsmtp

2025-11-19T23:21:40+00:00 [L1] CLIENT -> SERVER: Date: Wed, 19 Nov 2025 23:21:39 +0000

2025-11-19T23:21:40+00:00 [L1] CLIENT -> SERVER: To: jdeng2@scu.edu

2025-11-19T23:21:40+00:00 [L1] CLIENT -> SERVER: From: Plant Diary <plantdiaryCSEN174@gmail.com>

2025-11-19T23:21:40+00:00 [L1] CLIENT -> SERVER: Subject: Plant reminder: flower is due now

2025-11-19T23:21:40+00:00 [L1] CLIENT -> SERVER: Message-ID: <ohe7GxpS608BW5syBXCgn1G4tB0Gpl8IAwaHxcRWg8w@127.0.0.1>

2025-11-19T23:21:40+00:00 [L1] CLIENT -> SERVER: X-Mailer: PHPMailer 7.0.0 (https://github.com/PHPMailer/PHPMailer)

2025-11-19T23:21:40+00:00 [L1] CLIENT -> SERVER: MIME-Version: 1.0

2025-11-19T23:21:40+00:00 [L1] CLIENT -> SERVER: Content-Type: text/plain; charset=UTF-8

2025-11-19T23:21:40+00:00 [L1] CLIENT -> SERVER: Content-Transfer-Encoding: 8bit

2025-11-19T23:21:40+00:00 [L1] CLIENT -> SERVER: 

2025-11-19T23:21:40+00:00 [L1] CLIENT -> SERVER: Hi jdeng2,

2025-11-19T23:21:40+00:00 [L1] CLIENT -> SERVER: 

2025-11-19T23:21:40+00:00 [L1] CLIENT -> SERVER: This is a reminder that your plant "flower" needs fertilizing — is due now.

2025-11-19T23:21:40+00:00 [L1] CLIENT -> SERVER: 

2025-11-19T23:21:40+00:00 [L1] CLIENT -> SERVER: • Last care date: 2025-11-18

2025-11-19T23:21:40+00:00 [L1] CLIENT -> SERVER: • Frequency: every 1 day(s)

2025-11-19T23:21:40+00:00 [L1] CLIENT -> SERVER: 

2025-11-19T23:21:40+00:00 [L1] CLIENT -> SERVER: Please take care of your plant.

2025-11-19T23:21:40+00:00 [L1] CLIENT -> SERVER: 

2025-11-19T23:21:40+00:00 [L1] CLIENT -> SERVER: — Plant Diary

2025-11-19T23:21:40+00:00 [L1] CLIENT -> SERVER: 

2025-11-19T23:21:40+00:00 [L1] CLIENT -> SERVER: .

2025-11-19T23:21:41+00:00 [L2] SERVER -> CLIENT: 250 2.0.0 OK  1763594501 5a478bee46e88-2a6fc204881sm3100964eec.0 - gsmtp

2025-11-19T23:21:41+00:00 [L1] CLIENT -> SERVER: QUIT

2025-11-19T23:21:41+00:00 [L2] SERVER -> CLIENT: 221 2.0.0 closing connection 5a478bee46e88-2a6fc204881sm3100964eec.0 - gsmtp

